pygame 2.4.0 (SDL 2.26.4, Python 3.11.0)
Hello from the pygame community. https://www.pygame.org/contribute.html
Before: Waypoint(uuid=13452ee45af302b24200719062cb7de0, _i=1, i=0, pos=[2043, 3223, 48.125], conns=, type=WaypointType.STAND, angle=None, ?=)
Converted 0 connections for 13452ee45af302b24200719062cb7de0
After: Waypoint(uuid=13452ee45af302b24200719062cb7de0, _i=1, i=0, pos=[2043, 3223, 48.125], conns=, type=WaypointType.STAND, angle=None, ?=)
Before: Waypoint(uuid=f513a0a1b88bd20122331f69ec633893, _i=2, i=1, pos=[1831.54, 3198.69, 48.125], conns=0 2 141, type=WaypointType.STAND, angle=None, ?=)
Converted 3 connections for f513a0a1b88bd20122331f69ec633893
After: Waypoint(uuid=f513a0a1b88bd20122331f69ec633893, _i=2, i=1, pos=[1831.54, 3198.69, 48.125], conns=13452ee45af302b24200719062cb7de0 f513a0a1b88bd20122331f69ec633893 873e2d21ae17a5986a51b5312d2bd5e7, type=WaypointType.STAND, angle=None, ?=)
Before: Waypoint(uuid=f0c7477fbd6cc7e5bc5e00db07834836, _i=3, i=2, pos=[1771.53, 3109.12, 48.125], conns=1 3 4, type=WaypointType.STAND, angle=None, ?=)
Converted 3 connections for f0c7477fbd6cc7e5bc5e00db07834836
After: Waypoint(uuid=f0c7477fbd6cc7e5bc5e00db07834836, _i=3, i=2, pos=[1771.53, 3109.12, 48.125], conns=13452ee45af302b24200719062cb7de0 f0c7477fbd6cc7e5bc5e00db07834836 a9149310465df5cc536e332c499e21f6, type=WaypointType.STAND, angle=None, ?=)
Before: Waypoint(uuid=a9149310465df5cc536e332c499e21f6, _i=4, i=3, pos=[1614.05, 3055.79, 48.125], conns=2 4 5 15 48, type=WaypointType.STAND, angle=None, ?=)
Converted 5 connections for a9149310465df5cc536e332c499e21f6
After: Waypoint(uuid=a9149310465df5cc536e332c499e21f6, _i=4, i=3, pos=[1614.05, 3055.79, 48.125], conns=f513a0a1b88bd20122331f69ec633893 a9149310465df5cc536e332c499e21f6 b187b0045a5acbebc92fd39a7b448340 875dfdf5299168fbd563911184114bef daa5e729d66314a5a47112c750b534c2, type=WaypointType.STAND, angle=None, ?=)
Before: Waypoint(uuid=b187b0045a5acbebc92fd39a7b448340, _i=5, i=4, pos=[1802.37, 2907.46, 48.125], conns=2 3 15 48 52, type=WaypointType.STAND, angle=None, ?=)
Converted 5 connections for b187b0045a5acbebc92fd39a7b448340
After: Waypoint(uuid=b187b0045a5acbebc92fd39a7b448340, _i=5, i=4, pos=[1802.37, 2907.46, 48.125], conns=f513a0a1b88bd20122331f69ec633893 f0c7477fbd6cc7e5bc5e00db07834836 875dfdf5299168fbd563911184114bef daa5e729d66314a5a47112c750b534c2 3321c77efecf0e2a94ee828c27b9b1e4, type=WaypointType.STAND, angle=None, ?=)
Before: Waypoint(uuid=8d4802f0baaf41bee11f702fdab22dfc, _i=6, i=5, pos=[1294.6, 2914.98, 48.125], conns=3 6 47 133, type=WaypointType.STAND, angle=None, ?=)
Converted 4 connections for 8d4802f0baaf41bee11f702fdab22dfc
After: Waypoint(uuid=8d4802f0baaf41bee11f702fdab22dfc, _i=6, i=5, pos=[1294.6, 2914.98, 48.125], conns=f0c7477fbd6cc7e5bc5e00db07834836 8d4802f0baaf41bee11f702fdab22dfc a0cc792a42ed77ca226be6ea7716db91 a81888c60b0ca49e5b63c31b31218676, type=WaypointType.STAND, angle=None, ?=)
Before: Waypoint(uuid=efdf2d1c25587debb4efd6c5c7938cfd, _i=7, i=6, pos=[1010.56, 2856.75, 48.125], conns=5 47 131 132, type=WaypointType.STAND, angle=None, ?=)
Converted 4 connections for efdf2d1c25587debb4efd6c5c7938cfd
After: Waypoint(uuid=efdf2d1c25587debb4efd6c5c7938cfd, _i=7, i=6, pos=[1010.56, 2856.75, 48.125], conns=b187b0045a5acbebc92fd39a7b448340 a0cc792a42ed77ca226be6ea7716db91 02b60e2d4f28efc2026d0e5d7666360b 7fbb5b24571f79b7ce9c5fe921fbfbc8, type=WaypointType.STAND, angle=None, ?=)
Before: Waypoint(uuid=40784eceba99a85bc12cd4bec6100bd8, _i=8, i=7, pos=[1152.23, 2441.07, 48.1784], conns=8 8 131, type=WaypointType.STAND, angle=None, ?=)
Converted 3 connections for 40784eceba99a85bc12cd4bec6100bd8
After: Waypoint(uuid=40784eceba99a85bc12cd4bec6100bd8, _i=8, i=7, pos=[1152.23, 2441.07, 48.1784], conns=40784eceba99a85bc12cd4bec6100bd8 40784eceba99a85bc12cd4bec6100bd8 02b60e2d4f28efc2026d0e5d7666360b, type=WaypointType.STAND, angle=None, ?=)
Before: Waypoint(uuid=2d4bc542a463a014527c887a59be8352, _i=9, i=8, pos=[1113.75, 2379.53, 48.4586], conns=7 7 9, type=WaypointType.STAND, angle=None, ?=)
Converted 3 connections for 2d4bc542a463a014527c887a59be8352
After: Waypoint(uuid=2d4bc542a463a014527c887a59be8352, _i=9, i=8, pos=[1113.75, 2379.53, 48.4586], conns=efdf2d1c25587debb4efd6c5c7938cfd efdf2d1c25587debb4efd6c5c7938cfd 2d4bc542a463a014527c887a59be8352, type=WaypointType.STAND, angle=None, ?=)
Before: Waypoint(uuid=e1e22aa2d7df92e0158047f9d0d87074, _i=10, i=9, pos=[1283.64, 2192.96, 49.2232], conns=8 10 11, type=WaypointType.STAND, angle=None, ?=)
Converted 3 connections for e1e22aa2d7df92e0158047f9d0d87074
After: Waypoint(uuid=e1e22aa2d7df92e0158047f9d0d87074, _i=10, i=9, pos=[1283.64, 2192.96, 49.2232], conns=40784eceba99a85bc12cd4bec6100bd8 e1e22aa2d7df92e0158047f9d0d87074 1907f41472a2782236545425637d1124, type=WaypointType.STAND, angle=None, ?=)
Before: Waypoint(uuid=1907f41472a2782236545425637d1124, _i=11, i=10, pos=[1155.48, 1964.01, 48.4915], conns=9 11 16 43 170, type=WaypointType.STAND, angle=None, ?=)
Converted 5 connections for 1907f41472a2782236545425637d1124
After: Waypoint(uuid=1907f41472a2782236545425637d1124, _i=11, i=10, pos=[1155.48, 1964.01, 48.4915], conns=2d4bc542a463a014527c887a59be8352 1907f41472a2782236545425637d1124 a04fb06717e86ae6b9f02c184c8f6a12 1daf9de3840aea93343ea93bf1651aa8 2be723d3cc5ab13cdc1df3197f03b824, type=WaypointType.STAND, angle=None, ?=)
Before: Waypoint(uuid=d33eabe2e66d961a7c3d2a23ff0353b2, _i=12, i=11, pos=[1396.81, 2078.67, 48.125], conns=9 10 12, type=WaypointType.STAND, angle=None, ?=)
Converted 3 connections for d33eabe2e66d961a7c3d2a23ff0353b2
After: Waypoint(uuid=d33eabe2e66d961a7c3d2a23ff0353b2, _i=12, i=11, pos=[1396.81, 2078.67, 48.125], conns=2d4bc542a463a014527c887a59be8352 e1e22aa2d7df92e0158047f9d0d87074 d33eabe2e66d961a7c3d2a23ff0353b2, type=WaypointType.STAND, angle=None, ?=)
Before: Waypoint(uuid=78f3434378dcda3bcc13e30b04b6f24f, _i=13, i=12, pos=[1568.91, 2137.36, 48.125], conns=11 13, type=WaypointType.STAND, angle=None, ?=)
Converted 2 connections for 78f3434378dcda3bcc13e30b04b6f24f
After: Waypoint(uuid=78f3434378dcda3bcc13e30b04b6f24f, _i=13, i=12, pos=[1568.91, 2137.36, 48.125], conns=1907f41472a2782236545425637d1124 78f3434378dcda3bcc13e30b04b6f24f, type=WaypointType.STAND, angle=None, ?=)
Before: Waypoint(uuid=1484474abad2adcd13593d3a05c39811, _i=14, i=13, pos=[1811.1, 2217.06, 48.125], conns=12 14 148, type=WaypointType.STAND, angle=None, ?=)
Converted 3 connections for 1484474abad2adcd13593d3a05c39811
After: Waypoint(uuid=1484474abad2adcd13593d3a05c39811, _i=14, i=13, pos=[1811.1, 2217.06, 48.125], conns=d33eabe2e66d961a7c3d2a23ff0353b2 1484474abad2adcd13593d3a05c39811 5ca55a7554eceae67550c23fc58aef1a, type=WaypointType.STAND, angle=None, ?=)
Before: Waypoint(uuid=875dfdf5299168fbd563911184114bef, _i=15, i=14, pos=[1782.95, 2464.88, 48.125], conns=13 15 142, type=WaypointType.STAND, angle=None, ?=)
Converted 3 connections for 875dfdf5299168fbd563911184114bef
After: Waypoint(uuid=875dfdf5299168fbd563911184114bef, _i=15, i=14, pos=[1782.95, 2464.88, 48.125], conns=78f3434378dcda3bcc13e30b04b6f24f 875dfdf5299168fbd563911184114bef 6a73a17f7baede8fc95c2ce1c8c4447a, type=WaypointType.STAND, angle=None, ?=)
Before: Waypoint(uuid=a04fb06717e86ae6b9f02c184c8f6a12, _i=16, i=15, pos=[1746.15, 2627.32, 48.1104], conns=3 4 14 48 49 52, type=WaypointType.STAND, angle=None, ?=)
Converted 6 connections for a04fb06717e86ae6b9f02c184c8f6a12
After: Waypoint(uuid=a04fb06717e86ae6b9f02c184c8f6a12, _i=16, i=15, pos=[1746.15, 2627.32, 48.1104], conns=f0c7477fbd6cc7e5bc5e00db07834836 a9149310465df5cc536e332c499e21f6 1484474abad2adcd13593d3a05c39811 daa5e729d66314a5a47112c750b534c2 473a70e054e40f37642f3f7ef63a1944 3321c77efecf0e2a94ee828c27b9b1e4, type=WaypointType.STAND, angle=None, ?=)
Before: Waypoint(uuid=afeb8784cab6b9ccdd9beb068934a89d, _i=17, i=16, pos=[988.8, 1759.26, 39.3681], conns=10 17 43 168, type=WaypointType.STAND, angle=None, ?=)
Converted 4 connections for afeb8784cab6b9ccdd9beb068934a89d
After: Waypoint(uuid=afeb8784cab6b9ccdd9beb068934a89d, _i=17, i=16, pos=[988.8, 1759.26, 39.3681], conns=e1e22aa2d7df92e0158047f9d0d87074 afeb8784cab6b9ccdd9beb068934a89d 1daf9de3840aea93343ea93bf1651aa8 a5d6f8499b235127b20d5ea98b838f23, type=WaypointType.STAND, angle=None, ?=)
Before: Waypoint(uuid=84afcf3f5e75b7b602034ce8d132067e, _i=18, i=17, pos=[898.079, 1482.12, 48.0862], conns=16 18 38, type=WaypointType.STAND, angle=None, ?=)
Converted 3 connections for 84afcf3f5e75b7b602034ce8d132067e
After: Waypoint(uuid=84afcf3f5e75b7b602034ce8d132067e, _i=18, i=17, pos=[898.079, 1482.12, 48.0862], conns=a04fb06717e86ae6b9f02c184c8f6a12 84afcf3f5e75b7b602034ce8d132067e 3331c675c20d707c20bf41d9f0cca3ad, type=WaypointType.STAND, angle=None, ?=)
Before: Waypoint(uuid=8efbc652b66b2991601f92291d963446, _i=19, i=18, pos=[875.185, 1205.34, 48.0212], conns=17 19 82, type=WaypointType.STAND, angle=None, ?=)
Converted 3 connections for 8efbc652b66b2991601f92291d963446
After: Waypoint(uuid=8efbc652b66b2991601f92291d963446, _i=19, i=18, pos=[875.185, 1205.34, 48.0212], conns=afeb8784cab6b9ccdd9beb068934a89d 8efbc652b66b2991601f92291d963446 ff4834bc645f350e17e3c8b0fa4806e0, type=WaypointType.STAND, angle=None, ?=)
Before: Waypoint(uuid=e6b810e9b9d3d17a52a8b6cb00f19c07, _i=20, i=19, pos=[874.6, 969.342, 48.125], conns=18 20 28 36 82, type=WaypointType.STAND, angle=None, ?=)
Converted 5 connections for e6b810e9b9d3d17a52a8b6cb00f19c07
After: Waypoint(uuid=e6b810e9b9d3d17a52a8b6cb00f19c07, _i=20, i=19, pos=[874.6, 969.342, 48.125], conns=84afcf3f5e75b7b602034ce8d132067e e6b810e9b9d3d17a52a8b6cb00f19c07 09daf413a04cf4c8e7a121e130860715 d346a95529a99e4f28106409091264b5 ff4834bc645f350e17e3c8b0fa4806e0, type=WaypointType.STAND, angle=None, ?=)
Before: Waypoint(uuid=1e32bdf1ec04ec41bdb0d7711e8bf051, _i=21, i=20, pos=[1099.8, 876.364, 48.125], conns=19 21 26 27, type=WaypointType.STAND, angle=None, ?=)
Converted 4 connections for 1e32bdf1ec04ec41bdb0d7711e8bf051
After: Waypoint(uuid=1e32bdf1ec04ec41bdb0d7711e8bf051, _i=21, i=20, pos=[1099.8, 876.364, 48.125], conns=8efbc652b66b2991601f92291d963446 1e32bdf1ec04ec41bdb0d7711e8bf051 ce99c1f64543f8554f00c0d9d59bd47b 4b2b066df97c108dc88cbc64327fa536, type=WaypointType.STAND, angle=None, ?=)
Before: Waypoint(uuid=addba334ad961e1e440c9407c11db570, _i=22, i=21, pos=[1418.52, 982.567, 48.125], conns=20 22 23 26 164, type=WaypointType.STAND, angle=None, ?=)
Converted 5 connections for addba334ad961e1e440c9407c11db570
After: Waypoint(uuid=addba334ad961e1e440c9407c11db570, _i=22, i=21, pos=[1418.52, 982.567, 48.125], conns=e6b810e9b9d3d17a52a8b6cb00f19c07 addba334ad961e1e440c9407c11db570 b8c9221832b6f9dfcaf3fc17f7bea6a9 ce99c1f64543f8554f00c0d9d59bd47b f39c227056163cd6c44ea8258744dbea, type=WaypointType.STAND, angle=None, ?=)
Before: Waypoint(uuid=b8c9221832b6f9dfcaf3fc17f7bea6a9, _i=23, i=22, pos=[1591.97, 1018.84, 48.125], conns=21 23 26 80, type=WaypointType.STAND, angle=None, ?=)
Converted 4 connections for b8c9221832b6f9dfcaf3fc17f7bea6a9
After: Waypoint(uuid=b8c9221832b6f9dfcaf3fc17f7bea6a9, _i=23, i=22, pos=[1591.97, 1018.84, 48.125], conns=1e32bdf1ec04ec41bdb0d7711e8bf051 b8c9221832b6f9dfcaf3fc17f7bea6a9 ce99c1f64543f8554f00c0d9d59bd47b 248f6fcba0754746209a5d254de7ef72, type=WaypointType.STAND, angle=None, ?=)
Before: Waypoint(uuid=e4c1200c0611f4b89b7ceb5b52d0a4d3, _i=24, i=23, pos=[1591.72, 729.26, 48.125], conns=21 22 24 26, type=WaypointType.STAND, angle=None, ?=)
Converted 4 connections for e4c1200c0611f4b89b7ceb5b52d0a4d3
After: Waypoint(uuid=e4c1200c0611f4b89b7ceb5b52d0a4d3, _i=24, i=23, pos=[1591.72, 729.26, 48.125], conns=1e32bdf1ec04ec41bdb0d7711e8bf051 addba334ad961e1e440c9407c11db570 e4c1200c0611f4b89b7ceb5b52d0a4d3 ce99c1f64543f8554f00c0d9d59bd47b, type=WaypointType.STAND, angle=None, ?=)
Before: Waypoint(uuid=c994932cb0cd80b4e989a5ac80acc75e, _i=25, i=24, pos=[1565.03, 553.248, 48.125], conns=23 25 79, type=WaypointType.STAND, angle=None, ?=)
Converted 3 connections for c994932cb0cd80b4e989a5ac80acc75e
After: Waypoint(uuid=c994932cb0cd80b4e989a5ac80acc75e, _i=25, i=24, pos=[1565.03, 553.248, 48.125], conns=b8c9221832b6f9dfcaf3fc17f7bea6a9 c994932cb0cd80b4e989a5ac80acc75e 4ea8cdf73ca2b407864f52b68eb8da34, type=WaypointType.STAND, angle=None, ?=)
Before: Waypoint(uuid=ce99c1f64543f8554f00c0d9d59bd47b, _i=26, i=25, pos=[1339.89, 548.266, 49.4065], conns=24 26 78 93, type=WaypointType.STAND, angle=None, ?=)
Converted 4 connections for ce99c1f64543f8554f00c0d9d59bd47b
After: Waypoint(uuid=ce99c1f64543f8554f00c0d9d59bd47b, _i=26, i=25, pos=[1339.89, 548.266, 49.4065], conns=e4c1200c0611f4b89b7ceb5b52d0a4d3 ce99c1f64543f8554f00c0d9d59bd47b c3356cc80b742fd59f3bf03e1a48b801 2d2f2b2fca85ff9f2ff81ff236347f93, type=WaypointType.STAND, angle=None, ?=)
Before: Waypoint(uuid=4b2b066df97c108dc88cbc64327fa536, _i=27, i=26, pos=[1350.5, 803.367, 48.125], conns=20 21 22 23 25 92, type=WaypointType.STAND, angle=None, ?=)
Converted 6 connections for 4b2b066df97c108dc88cbc64327fa536
After: Waypoint(uuid=4b2b066df97c108dc88cbc64327fa536, _i=27, i=26, pos=[1350.5, 803.367, 48.125], conns=e6b810e9b9d3d17a52a8b6cb00f19c07 1e32bdf1ec04ec41bdb0d7711e8bf051 addba334ad961e1e440c9407c11db570 b8c9221832b6f9dfcaf3fc17f7bea6a9 c994932cb0cd80b4e989a5ac80acc75e 065cb0fc8eea9709871447b15c6519d3, type=WaypointType.STAND, angle=None, ?=)
Before: Waypoint(uuid=09daf413a04cf4c8e7a121e130860715, _i=28, i=27, pos=[1013.83, 729.909, 48.125], conns=20 28 36 92, type=WaypointType.STAND, angle=None, ?=)
Converted 4 connections for 09daf413a04cf4c8e7a121e130860715
After: Waypoint(uuid=09daf413a04cf4c8e7a121e130860715, _i=28, i=27, pos=[1013.83, 729.909, 48.125], conns=e6b810e9b9d3d17a52a8b6cb00f19c07 09daf413a04cf4c8e7a121e130860715 d346a95529a99e4f28106409091264b5 065cb0fc8eea9709871447b15c6519d3, type=WaypointType.STAND, angle=None, ?=)
Before: Waypoint(uuid=4f69dc8ebb5d020018ea646f10e0d82a, _i=29, i=28, pos=[890.876, 723.648, 48.8701], conns=19 27 33 34, type=WaypointType.STAND, angle=None, ?=)
Converted 4 connections for 4f69dc8ebb5d020018ea646f10e0d82a
After: Waypoint(uuid=4f69dc8ebb5d020018ea646f10e0d82a, _i=29, i=28, pos=[890.876, 723.648, 48.8701], conns=8efbc652b66b2991601f92291d963446 4b2b066df97c108dc88cbc64327fa536 d2ed7a9633a58db47e92397c4e9b9ba0 499693429eff984bc8e4cb39eb5da91e, type=WaypointType.STAND, angle=None, ?=)
Before: Waypoint(uuid=e4fb24dead8bc2ead85a4167954ba707, _i=30, i=29, pos=[591.601, 364.798, 60.875], conns=30 125, type=WaypointType.STAND, angle=None, ?=)
Converted 2 connections for e4fb24dead8bc2ead85a4167954ba707
After: Waypoint(uuid=e4fb24dead8bc2ead85a4167954ba707, _i=30, i=29, pos=[591.601, 364.798, 60.875], conns=e4fb24dead8bc2ead85a4167954ba707 f24106595cbd877de4b1825a839156f6, type=WaypointType.STAND, angle=None, ?=)
Before: Waypoint(uuid=94c0d385e4b5626eac2155c1c6d65f96, _i=31, i=30, pos=[602.413, 491.391, 60.4593], conns=29 31 32, type=WaypointType.STAND, angle=None, ?=)
Converted 3 connections for 94c0d385e4b5626eac2155c1c6d65f96
After: Waypoint(uuid=94c0d385e4b5626eac2155c1c6d65f96, _i=31, i=30, pos=[602.413, 491.391, 60.4593], conns=4f69dc8ebb5d020018ea646f10e0d82a 94c0d385e4b5626eac2155c1c6d65f96 e50c17d2404b13da258a2719117c10b2, type=WaypointType.STAND, angle=None, ?=)
Before: Waypoint(uuid=e50c17d2404b13da258a2719117c10b2, _i=32, i=31, pos=[723.719, 494.235, 59.7507], conns=30 32, type=WaypointType.STAND, angle=None, ?=)
Converted 2 connections for e50c17d2404b13da258a2719117c10b2
After: Waypoint(uuid=e50c17d2404b13da258a2719117c10b2, _i=32, i=31, pos=[723.719, 494.235, 59.7507], conns=e4fb24dead8bc2ead85a4167954ba707 e50c17d2404b13da258a2719117c10b2, type=WaypointType.STAND, angle=None, ?=)
Before: Waypoint(uuid=d2ed7a9633a58db47e92397c4e9b9ba0, _i=33, i=32, pos=[705.415, 640.985, 51.0084], conns=30 31 33, type=WaypointType.STAND, angle=None, ?=)
Converted 3 connections for d2ed7a9633a58db47e92397c4e9b9ba0
After: Waypoint(uuid=d2ed7a9633a58db47e92397c4e9b9ba0, _i=33, i=32, pos=[705.415, 640.985, 51.0084], conns=e4fb24dead8bc2ead85a4167954ba707 94c0d385e4b5626eac2155c1c6d65f96 d2ed7a9633a58db47e92397c4e9b9ba0, type=WaypointType.STAND, angle=None, ?=)
Before: Waypoint(uuid=499693429eff984bc8e4cb39eb5da91e, _i=34, i=33, pos=[820.615, 690.08, 48.804], conns=28 32 36, type=WaypointType.STAND, angle=None, ?=)
Converted 3 connections for 499693429eff984bc8e4cb39eb5da91e
After: Waypoint(uuid=499693429eff984bc8e4cb39eb5da91e, _i=34, i=33, pos=[820.615, 690.08, 48.804], conns=09daf413a04cf4c8e7a121e130860715 e50c17d2404b13da258a2719117c10b2 d346a95529a99e4f28106409091264b5, type=WaypointType.STAND, angle=None, ?=)
Before: Waypoint(uuid=04dac1c1e11143a90067e7535a729e82, _i=35, i=34, pos=[906.734, 636.255, 49.8304], conns=28, type=WaypointType.STAND, angle=None, ?=)
Converted 1 connections for 04dac1c1e11143a90067e7535a729e82
After: Waypoint(uuid=04dac1c1e11143a90067e7535a729e82, _i=35, i=34, pos=[906.734, 636.255, 49.8304], conns=09daf413a04cf4c8e7a121e130860715, type=WaypointType.STAND, angle=None, ?=)
Before: Waypoint(uuid=d346a95529a99e4f28106409091264b5, _i=36, i=35, pos=[570.52, 879.728, 49.125], conns=36 126 127, type=WaypointType.STAND, angle=None, ?=)
Converted 3 connections for d346a95529a99e4f28106409091264b5
After: Waypoint(uuid=d346a95529a99e4f28106409091264b5, _i=36, i=35, pos=[570.52, 879.728, 49.125], conns=d346a95529a99e4f28106409091264b5 9fb5ebf85a7f31ee876b0c625157be1b 2c2dc7bb43a43ece6bab1eb51d48d197, type=WaypointType.STAND, angle=None, ?=)
Before: Waypoint(uuid=b29dc73142b1f0503c8160aacc772dde, _i=37, i=36, pos=[730.906, 864.001, 49.125], conns=19 27 33 35, type=WaypointType.STAND, angle=None, ?=)
Converted 4 connections for b29dc73142b1f0503c8160aacc772dde
After: Waypoint(uuid=b29dc73142b1f0503c8160aacc772dde, _i=37, i=36, pos=[730.906, 864.001, 49.125], conns=8efbc652b66b2991601f92291d963446 4b2b066df97c108dc88cbc64327fa536 d2ed7a9633a58db47e92397c4e9b9ba0 04dac1c1e11143a90067e7535a729e82, type=WaypointType.STAND, angle=None, ?=)
Before: Waypoint(uuid=3331c675c20d707c20bf41d9f0cca3ad, _i=38, i=37, pos=[586.109, 1521.44, 53.6003], conns=38 39 128, type=WaypointType.STAND, angle=None, ?=)
Converted 3 connections for 3331c675c20d707c20bf41d9f0cca3ad
After: Waypoint(uuid=3331c675c20d707c20bf41d9f0cca3ad, _i=38, i=37, pos=[586.109, 1521.44, 53.6003], conns=3331c675c20d707c20bf41d9f0cca3ad b7d347570467d7f33e3dc72fbc5fc9a3 8a71fae5eef68d74bc44dd2e837b4efc, type=WaypointType.STAND, angle=None, ?=)
Before: Waypoint(uuid=b7d347570467d7f33e3dc72fbc5fc9a3, _i=39, i=38, pos=[797.224, 1536.13, 48.67], conns=17 37, type=WaypointType.STAND, angle=None, ?=)
Converted 2 connections for b7d347570467d7f33e3dc72fbc5fc9a3
After: Waypoint(uuid=b7d347570467d7f33e3dc72fbc5fc9a3, _i=39, i=38, pos=[797.224, 1536.13, 48.67], conns=afeb8784cab6b9ccdd9beb068934a89d b29dc73142b1f0503c8160aacc772dde, type=WaypointType.STAND, angle=None, ?=)
Before: Waypoint(uuid=720da218c51bc2d28da362df937452de, _i=40, i=39, pos=[390.375, 1611.66, 58.9374], conns=37 40, type=WaypointType.STAND, angle=None, ?=)
Converted 2 connections for 720da218c51bc2d28da362df937452de
After: Waypoint(uuid=720da218c51bc2d28da362df937452de, _i=40, i=39, pos=[390.375, 1611.66, 58.9374], conns=b29dc73142b1f0503c8160aacc772dde 720da218c51bc2d28da362df937452de, type=WaypointType.STAND, angle=None, ?=)
Before: Waypoint(uuid=1a4efcfbe41945a449adb03804de5b52, _i=41, i=40, pos=[321.187, 1847.62, 50.6148], conns=39 41, type=WaypointType.STAND, angle=None, ?=)
Converted 2 connections for 1a4efcfbe41945a449adb03804de5b52
After: Waypoint(uuid=1a4efcfbe41945a449adb03804de5b52, _i=41, i=40, pos=[321.187, 1847.62, 50.6148], conns=b7d347570467d7f33e3dc72fbc5fc9a3 1a4efcfbe41945a449adb03804de5b52, type=WaypointType.STAND, angle=None, ?=)
Before: Waypoint(uuid=348a001d491dd28159245fd685702d50, _i=42, i=41, pos=[394.033, 2072.21, 56.2713], conns=40 42 44, type=WaypointType.STAND, angle=None, ?=)
Converted 3 connections for 348a001d491dd28159245fd685702d50
After: Waypoint(uuid=348a001d491dd28159245fd685702d50, _i=42, i=41, pos=[394.033, 2072.21, 56.2713], conns=720da218c51bc2d28da362df937452de 348a001d491dd28159245fd685702d50 713adb8d436af903af46113d0e36e2d1, type=WaypointType.STAND, angle=None, ?=)
Before: Waypoint(uuid=1daf9de3840aea93343ea93bf1651aa8, _i=43, i=42, pos=[632.933, 2021.41, 50.9029], conns=41 43, type=WaypointType.STAND, angle=None, ?=)
Converted 2 connections for 1daf9de3840aea93343ea93bf1651aa8
After: Waypoint(uuid=1daf9de3840aea93343ea93bf1651aa8, _i=43, i=42, pos=[632.933, 2021.41, 50.9029], conns=1a4efcfbe41945a449adb03804de5b52 1daf9de3840aea93343ea93bf1651aa8, type=WaypointType.STAND, angle=None, ?=)
Before: Waypoint(uuid=713adb8d436af903af46113d0e36e2d1, _i=44, i=43, pos=[854.963, 2005.5, 53.47], conns=10 16 42 129, type=WaypointType.STAND, angle=None, ?=)
Converted 4 connections for 713adb8d436af903af46113d0e36e2d1
After: Waypoint(uuid=713adb8d436af903af46113d0e36e2d1, _i=44, i=43, pos=[854.963, 2005.5, 53.47], conns=e1e22aa2d7df92e0158047f9d0d87074 a04fb06717e86ae6b9f02c184c8f6a12 348a001d491dd28159245fd685702d50 64a4a9129a41629ef0e06de7bf7bfb76, type=WaypointType.STAND, angle=None, ?=)
Before: Waypoint(uuid=b2bf4699279fbac34a31b2665e604caf, _i=45, i=44, pos=[471.238, 2366.12, 59.7767], conns=41 45, type=WaypointType.STAND, angle=None, ?=)
Converted 2 connections for b2bf4699279fbac34a31b2665e604caf
After: Waypoint(uuid=b2bf4699279fbac34a31b2665e604caf, _i=45, i=44, pos=[471.238, 2366.12, 59.7767], conns=1a4efcfbe41945a449adb03804de5b52 b2bf4699279fbac34a31b2665e604caf, type=WaypointType.STAND, angle=None, ?=)
Before: Waypoint(uuid=15518427ff6911807de74408739c2652, _i=46, i=45, pos=[532.644, 2551.39, 63.9027], conns=44 46 130, type=WaypointType.STAND, angle=None, ?=)
Converted 3 connections for 15518427ff6911807de74408739c2652
After: Waypoint(uuid=15518427ff6911807de74408739c2652, _i=46, i=45, pos=[532.644, 2551.39, 63.9027], conns=713adb8d436af903af46113d0e36e2d1 15518427ff6911807de74408739c2652 b156d798ad5fdbefb8eff07686d3da92, type=WaypointType.STAND, angle=None, ?=)
Before: Waypoint(uuid=a0cc792a42ed77ca226be6ea7716db91, _i=47, i=46, pos=[834.357, 2567.29, 54.4027], conns=45 47 129, type=WaypointType.STAND, angle=None, ?=)
Converted 3 connections for a0cc792a42ed77ca226be6ea7716db91
After: Waypoint(uuid=a0cc792a42ed77ca226be6ea7716db91, _i=47, i=46, pos=[834.357, 2567.29, 54.4027], conns=b2bf4699279fbac34a31b2665e604caf a0cc792a42ed77ca226be6ea7716db91 64a4a9129a41629ef0e06de7bf7bfb76, type=WaypointType.STAND, angle=None, ?=)
Before: Waypoint(uuid=daa5e729d66314a5a47112c750b534c2, _i=48, i=47, pos=[989.059, 2683.33, 48.125], conns=5 6 46 131, type=WaypointType.STAND, angle=None, ?=)
Converted 4 connections for daa5e729d66314a5a47112c750b534c2
After: Waypoint(uuid=daa5e729d66314a5a47112c750b534c2, _i=48, i=47, pos=[989.059, 2683.33, 48.125], conns=b187b0045a5acbebc92fd39a7b448340 8d4802f0baaf41bee11f702fdab22dfc 15518427ff6911807de74408739c2652 02b60e2d4f28efc2026d0e5d7666360b, type=WaypointType.STAND, angle=None, ?=)
Before: Waypoint(uuid=473a70e054e40f37642f3f7ef63a1944, _i=49, i=48, pos=[1623.82, 2835.06, 48.125], conns=3 4 15, type=WaypointType.STAND, angle=None, ?=)
Converted 3 connections for 473a70e054e40f37642f3f7ef63a1944
After: Waypoint(uuid=473a70e054e40f37642f3f7ef63a1944, _i=49, i=48, pos=[1623.82, 2835.06, 48.125], conns=f0c7477fbd6cc7e5bc5e00db07834836 a9149310465df5cc536e332c499e21f6 875dfdf5299168fbd563911184114bef, type=WaypointType.STAND, angle=None, ?=)
Before: Waypoint(uuid=7a619857ddcf3745a323e7eb65ade49b, _i=50, i=49, pos=[2056.03, 2972.15, 48.125], conns=15 50, type=WaypointType.STAND, angle=None, ?=)
Converted 2 connections for 7a619857ddcf3745a323e7eb65ade49b
After: Waypoint(uuid=7a619857ddcf3745a323e7eb65ade49b, _i=50, i=49, pos=[2056.03, 2972.15, 48.125], conns=875dfdf5299168fbd563911184114bef 7a619857ddcf3745a323e7eb65ade49b, type=WaypointType.STAND, angle=None, ?=)
Before: Waypoint(uuid=4954d3c4739f0aa0594c82447b08bc66, _i=51, i=50, pos=[2112.76, 2853.73, 48.125], conns=49 51 52 153, type=WaypointType.STAND, angle=None, ?=)
Converted 4 connections for 4954d3c4739f0aa0594c82447b08bc66
After: Waypoint(uuid=4954d3c4739f0aa0594c82447b08bc66, _i=51, i=50, pos=[2112.76, 2853.73, 48.125], conns=473a70e054e40f37642f3f7ef63a1944 4954d3c4739f0aa0594c82447b08bc66 3321c77efecf0e2a94ee828c27b9b1e4 323b8323ca42635bc006a0f047647cb2, type=WaypointType.STAND, angle=None, ?=)
Before: Waypoint(uuid=3321c77efecf0e2a94ee828c27b9b1e4, _i=52, i=51, pos=[2284.9, 2602.65, 48.0569], conns=50 53 59 151 153, type=WaypointType.STAND, angle=None, ?=)
Converted 5 connections for 3321c77efecf0e2a94ee828c27b9b1e4
After: Waypoint(uuid=3321c77efecf0e2a94ee828c27b9b1e4, _i=52, i=51, pos=[2284.9, 2602.65, 48.0569], conns=7a619857ddcf3745a323e7eb65ade49b d659ece990821cb5fe728b6a4e6269ee f07db082ad0cce673677b8302c8e55e5 0e068caea4ccea74b26c9625be69b261 323b8323ca42635bc006a0f047647cb2, type=WaypointType.STAND, angle=None, ?=)
Before: Waypoint(uuid=d659ece990821cb5fe728b6a4e6269ee, _i=53, i=52, pos=[1954.6, 2722.9, 48.125], conns=4 15 50, type=WaypointType.STAND, angle=None, ?=)
Converted 3 connections for d659ece990821cb5fe728b6a4e6269ee
After: Waypoint(uuid=d659ece990821cb5fe728b6a4e6269ee, _i=53, i=52, pos=[1954.6, 2722.9, 48.125], conns=a9149310465df5cc536e332c499e21f6 875dfdf5299168fbd563911184114bef 7a619857ddcf3745a323e7eb65ade49b, type=WaypointType.STAND, angle=None, ?=)
Before: Waypoint(uuid=a467bfcea93e59d2c066406234fe0c9b, _i=54, i=53, pos=[2149.56, 2278.61, 48.0859], conns=51 54 145 150 151, type=WaypointType.STAND, angle=None, ?=)
Converted 5 connections for a467bfcea93e59d2c066406234fe0c9b
After: Waypoint(uuid=a467bfcea93e59d2c066406234fe0c9b, _i=54, i=53, pos=[2149.56, 2278.61, 48.0859], conns=4954d3c4739f0aa0594c82447b08bc66 a467bfcea93e59d2c066406234fe0c9b 30544b8497d74f6da03ac4a2ea3a531c fcd3eae7cf4965b38ea78382c5552cac 0e068caea4ccea74b26c9625be69b261, type=WaypointType.STAND, angle=None, ?=)
Before: Waypoint(uuid=79745959238c92d6752d121adaeec2ff, _i=55, i=54, pos=[2355.04, 1878.48, 47.5598], conns=53 55 56, type=WaypointType.STAND, angle=None, ?=)
Converted 3 connections for 79745959238c92d6752d121adaeec2ff
After: Waypoint(uuid=79745959238c92d6752d121adaeec2ff, _i=55, i=54, pos=[2355.04, 1878.48, 47.5598], conns=d659ece990821cb5fe728b6a4e6269ee 79745959238c92d6752d121adaeec2ff 70ff7c703fabeabcff97509a9deef250, type=WaypointType.STAND, angle=None, ?=)
Before: Waypoint(uuid=70ff7c703fabeabcff97509a9deef250, _i=56, i=55, pos=[2557.16, 1988.49, 50.9365], conns=54 56 57 58, type=WaypointType.STAND, angle=None, ?=)
Converted 4 connections for 70ff7c703fabeabcff97509a9deef250
After: Waypoint(uuid=70ff7c703fabeabcff97509a9deef250, _i=56, i=55, pos=[2557.16, 1988.49, 50.9365], conns=a467bfcea93e59d2c066406234fe0c9b 70ff7c703fabeabcff97509a9deef250 2060ac415a3f05c213f0e7ba5c574b70 fc343c4b85ce5b06445d03dea137e261, type=WaypointType.STAND, angle=None, ?=)
Before: Waypoint(uuid=2060ac415a3f05c213f0e7ba5c574b70, _i=57, i=56, pos=[2460.31, 1613.44, 52.476], conns=54 55 57 163, type=WaypointType.STAND, angle=None, ?=)
Converted 4 connections for 2060ac415a3f05c213f0e7ba5c574b70
After: Waypoint(uuid=2060ac415a3f05c213f0e7ba5c574b70, _i=57, i=56, pos=[2460.31, 1613.44, 52.476], conns=a467bfcea93e59d2c066406234fe0c9b 79745959238c92d6752d121adaeec2ff 2060ac415a3f05c213f0e7ba5c574b70 b1648f7190a4b82bf3699315b36c4658, type=WaypointType.STAND, angle=None, ?=)
Before: Waypoint(uuid=fc343c4b85ce5b06445d03dea137e261, _i=58, i=57, pos=[2744.78, 1723.83, 50.9572], conns=55 56 162, type=WaypointType.STAND, angle=None, ?=)
Converted 3 connections for fc343c4b85ce5b06445d03dea137e261
After: Waypoint(uuid=fc343c4b85ce5b06445d03dea137e261, _i=58, i=57, pos=[2744.78, 1723.83, 50.9572], conns=79745959238c92d6752d121adaeec2ff 70ff7c703fabeabcff97509a9deef250 c04263c279021dd923fdcaa7dc183ce1, type=WaypointType.STAND, angle=None, ?=)
Before: Waypoint(uuid=f07db082ad0cce673677b8302c8e55e5, _i=59, i=58, pos=[2435.8, 2271.85, 48.125], conns=55 151 159, type=WaypointType.STAND, angle=None, ?=)
Converted 3 connections for f07db082ad0cce673677b8302c8e55e5
After: Waypoint(uuid=f07db082ad0cce673677b8302c8e55e5, _i=59, i=58, pos=[2435.8, 2271.85, 48.125], conns=79745959238c92d6752d121adaeec2ff 0e068caea4ccea74b26c9625be69b261 6f5bfc0ac35290db72be756c7fa5d133, type=WaypointType.STAND, angle=None, ?=)
Before: Waypoint(uuid=8d8dba7cad0478b56d1b2cd9cded74c1, _i=60, i=59, pos=[2470.18, 2623.46, 47.3385], conns=51 60 66, type=WaypointType.STAND, angle=None, ?=)
Converted 3 connections for 8d8dba7cad0478b56d1b2cd9cded74c1
After: Waypoint(uuid=8d8dba7cad0478b56d1b2cd9cded74c1, _i=60, i=59, pos=[2470.18, 2623.46, 47.3385], conns=4954d3c4739f0aa0594c82447b08bc66 8d8dba7cad0478b56d1b2cd9cded74c1 315988d8e4cec689de3646bb1c4d19b0, type=WaypointType.STAND, angle=None, ?=)
Before: Waypoint(uuid=28f1809c2c7a990e9888cc1bb20aeb16, _i=61, i=60, pos=[2486.87, 2753.57, 48.0464], conns=59 71 71 152, type=WaypointType.STAND, angle=None, ?=)
Converted 4 connections for 28f1809c2c7a990e9888cc1bb20aeb16
After: Waypoint(uuid=28f1809c2c7a990e9888cc1bb20aeb16, _i=61, i=60, pos=[2486.87, 2753.57, 48.0464], conns=f07db082ad0cce673677b8302c8e55e5 c8504c4e0db8938cc47a9aefe77fb6e7 c8504c4e0db8938cc47a9aefe77fb6e7 e1af7df4cad10f8e4ae229e6be0363b9, type=WaypointType.STAND, angle=None, ?=)
Before: Waypoint(uuid=adc2f55a769e4259c4d7add2f88013e2, _i=62, i=61, pos=[2928.79, 2260.74, 48.125], conns=64 65 159, type=WaypointType.STAND, angle=None, ?=)
Converted 3 connections for adc2f55a769e4259c4d7add2f88013e2
After: Waypoint(uuid=adc2f55a769e4259c4d7add2f88013e2, _i=62, i=61, pos=[2928.79, 2260.74, 48.125], conns=9a70d6f63c409af9d7206a64686a8119 21f69731636113351540da914343e73c 6f5bfc0ac35290db72be756c7fa5d133, type=WaypointType.STAND, angle=None, ?=)
Before: Waypoint(uuid=067e87778f8797e191a76f63b71b0d36, _i=63, i=62, pos=[3014.42, 2090.28, 54.4085], conns=63 157 158, type=WaypointType.STAND, angle=None, ?=)
Converted 3 connections for 067e87778f8797e191a76f63b71b0d36
After: Waypoint(uuid=067e87778f8797e191a76f63b71b0d36, _i=63, i=62, pos=[3014.42, 2090.28, 54.4085], conns=067e87778f8797e191a76f63b71b0d36 612dad8bf613a34a23d26a229f1654aa c84abf91397d683dbd039a04b66170ce, type=WaypointType.STAND, angle=None, ?=)
Before: Waypoint(uuid=9a70d6f63c409af9d7206a64686a8119, _i=64, i=63, pos=[2997.03, 2145.99, 52.2499], conns=62 64, type=WaypointType.STAND, angle=None, ?=)
Converted 2 connections for 9a70d6f63c409af9d7206a64686a8119
After: Waypoint(uuid=9a70d6f63c409af9d7206a64686a8119, _i=64, i=63, pos=[2997.03, 2145.99, 52.2499], conns=adc2f55a769e4259c4d7add2f88013e2 9a70d6f63c409af9d7206a64686a8119, type=WaypointType.STAND, angle=None, ?=)
Before: Waypoint(uuid=21f69731636113351540da914343e73c, _i=65, i=64, pos=[2972.71, 2205.98, 49.4658], conns=61 63, type=WaypointType.STAND, angle=None, ?=)
Converted 2 connections for 21f69731636113351540da914343e73c
After: Waypoint(uuid=21f69731636113351540da914343e73c, _i=65, i=64, pos=[2972.71, 2205.98, 49.4658], conns=28f1809c2c7a990e9888cc1bb20aeb16 067e87778f8797e191a76f63b71b0d36, type=WaypointType.STAND, angle=None, ?=)
Before: Waypoint(uuid=315988d8e4cec689de3646bb1c4d19b0, _i=66, i=65, pos=[2832.97, 2503.88, 48.0374], conns=61 67, type=WaypointType.STAND, angle=None, ?=)
Converted 2 connections for 315988d8e4cec689de3646bb1c4d19b0
After: Waypoint(uuid=315988d8e4cec689de3646bb1c4d19b0, _i=66, i=65, pos=[2832.97, 2503.88, 48.0374], conns=28f1809c2c7a990e9888cc1bb20aeb16 95680c4f7342fea38148ab039a93b106, type=WaypointType.STAND, angle=None, ?=)
Before: Waypoint(uuid=95680c4f7342fea38148ab039a93b106, _i=67, i=66, pos=[2747.8, 2689.17, 48.125], conns=59 67 73, type=WaypointType.STAND, angle=None, ?=)
Converted 3 connections for 95680c4f7342fea38148ab039a93b106
After: Waypoint(uuid=95680c4f7342fea38148ab039a93b106, _i=67, i=66, pos=[2747.8, 2689.17, 48.125], conns=f07db082ad0cce673677b8302c8e55e5 95680c4f7342fea38148ab039a93b106 8b5667ea1f0af6e2d93b33758131c3c4, type=WaypointType.STAND, angle=None, ?=)
Before: Waypoint(uuid=a818336c4a388308b169fb484a623038, _i=68, i=67, pos=[2779.92, 2589.36, 48.125], conns=65 66, type=WaypointType.STAND, angle=None, ?=)
Converted 2 connections for a818336c4a388308b169fb484a623038
After: Waypoint(uuid=a818336c4a388308b169fb484a623038, _i=68, i=67, pos=[2779.92, 2589.36, 48.125], conns=21f69731636113351540da914343e73c 315988d8e4cec689de3646bb1c4d19b0, type=WaypointType.STAND, angle=None, ?=)
Before: Waypoint(uuid=05c38c9ce9089b63506d3e5e16482565, _i=69, i=68, pos=[2381.92, 3499.16, 52.125], conns=69, type=WaypointType.STAND, angle=None, ?=)
Converted 1 connections for 05c38c9ce9089b63506d3e5e16482565
After: Waypoint(uuid=05c38c9ce9089b63506d3e5e16482565, _i=69, i=68, pos=[2381.92, 3499.16, 52.125], conns=05c38c9ce9089b63506d3e5e16482565, type=WaypointType.STAND, angle=None, ?=)
Before: Waypoint(uuid=eb02952d20ae870afbbff149f3bde018, _i=70, i=69, pos=[2442.63, 3356.5, 52.125], conns=68 70, type=WaypointType.STAND, angle=None, ?=)
Converted 2 connections for eb02952d20ae870afbbff149f3bde018
After: Waypoint(uuid=eb02952d20ae870afbbff149f3bde018, _i=70, i=69, pos=[2442.63, 3356.5, 52.125], conns=a818336c4a388308b169fb484a623038 eb02952d20ae870afbbff149f3bde018, type=WaypointType.STAND, angle=None, ?=)
Before: Waypoint(uuid=c8504c4e0db8938cc47a9aefe77fb6e7, _i=71, i=70, pos=[2474.98, 3242.92, 52.125], conns=69 71, type=WaypointType.STAND, angle=None, ?=)
Converted 2 connections for c8504c4e0db8938cc47a9aefe77fb6e7
After: Waypoint(uuid=c8504c4e0db8938cc47a9aefe77fb6e7, _i=71, i=70, pos=[2474.98, 3242.92, 52.125], conns=05c38c9ce9089b63506d3e5e16482565 c8504c4e0db8938cc47a9aefe77fb6e7, type=WaypointType.STAND, angle=None, ?=)
Before: Waypoint(uuid=eb43d8fc50d507280d7f46c51f938081, _i=72, i=71, pos=[2553.66, 3031.6, 48.125], conns=60 60 70 72 74 152, type=WaypointType.STAND, angle=None, ?=)
Converted 6 connections for eb43d8fc50d507280d7f46c51f938081
After: Waypoint(uuid=eb43d8fc50d507280d7f46c51f938081, _i=72, i=71, pos=[2553.66, 3031.6, 48.125], conns=8d8dba7cad0478b56d1b2cd9cded74c1 8d8dba7cad0478b56d1b2cd9cded74c1 eb02952d20ae870afbbff149f3bde018 eb43d8fc50d507280d7f46c51f938081 5c5fa20498204ddb8dc8018be7f624d7 e1af7df4cad10f8e4ae229e6be0363b9, type=WaypointType.STAND, angle=None, ?=)
Before: Waypoint(uuid=8b5667ea1f0af6e2d93b33758131c3c4, _i=73, i=72, pos=[2721.51, 2974.06, 48.1127], conns=71 73, type=WaypointType.STAND, angle=None, ?=)
Converted 2 connections for 8b5667ea1f0af6e2d93b33758131c3c4
After: Waypoint(uuid=8b5667ea1f0af6e2d93b33758131c3c4, _i=73, i=72, pos=[2721.51, 2974.06, 48.1127], conns=c8504c4e0db8938cc47a9aefe77fb6e7 8b5667ea1f0af6e2d93b33758131c3c4, type=WaypointType.STAND, angle=None, ?=)
Before: Waypoint(uuid=5c5fa20498204ddb8dc8018be7f624d7, _i=74, i=73, pos=[2913.97, 2904.22, 48.125], conns=66 72 74 76 77 156, type=WaypointType.STAND, angle=None, ?=)
Converted 6 connections for 5c5fa20498204ddb8dc8018be7f624d7
After: Waypoint(uuid=5c5fa20498204ddb8dc8018be7f624d7, _i=74, i=73, pos=[2913.97, 2904.22, 48.125], conns=315988d8e4cec689de3646bb1c4d19b0 eb43d8fc50d507280d7f46c51f938081 5c5fa20498204ddb8dc8018be7f624d7 933be08ced1f991f9fb321fded412e3d 1f196ad15b803f64d481bbd5e3d370e0 ca8c8c385952e8752f847e99f4f50133, type=WaypointType.STAND, angle=None, ?=)
Before: Waypoint(uuid=18f418a6f01e55326ad068bd6b482b7b, _i=75, i=74, pos=[2939.03, 3162.09, 48.125], conns=71 73 77 154, type=WaypointType.STAND, angle=None, ?=)
Converted 4 connections for 18f418a6f01e55326ad068bd6b482b7b
After: Waypoint(uuid=18f418a6f01e55326ad068bd6b482b7b, _i=75, i=74, pos=[2939.03, 3162.09, 48.125], conns=c8504c4e0db8938cc47a9aefe77fb6e7 8b5667ea1f0af6e2d93b33758131c3c4 1f196ad15b803f64d481bbd5e3d370e0 09235f87891dd9a7fc9c5a39fead4ef2, type=WaypointType.STAND, angle=None, ?=)
Before: Waypoint(uuid=933be08ced1f991f9fb321fded412e3d, _i=76, i=75, pos=[3325.14, 2975.96, 50.1482], conns=76 155, type=WaypointType.STAND, angle=None, ?=)
Converted 2 connections for 933be08ced1f991f9fb321fded412e3d
After: Waypoint(uuid=933be08ced1f991f9fb321fded412e3d, _i=76, i=75, pos=[3325.14, 2975.96, 50.1482], conns=933be08ced1f991f9fb321fded412e3d 59df510404b8f961f05c15c885089723, type=WaypointType.STAND, angle=None, ?=)
Before: Waypoint(uuid=1f196ad15b803f64d481bbd5e3d370e0, _i=77, i=76, pos=[3140.22, 2928.42, 48.125], conns=73 75 77, type=WaypointType.STAND, angle=None, ?=)
Converted 3 connections for 1f196ad15b803f64d481bbd5e3d370e0
After: Waypoint(uuid=1f196ad15b803f64d481bbd5e3d370e0, _i=77, i=76, pos=[3140.22, 2928.42, 48.125], conns=8b5667ea1f0af6e2d93b33758131c3c4 18f418a6f01e55326ad068bd6b482b7b 1f196ad15b803f64d481bbd5e3d370e0, type=WaypointType.STAND, angle=None, ?=)
Before: Waypoint(uuid=c3356cc80b742fd59f3bf03e1a48b801, _i=78, i=77, pos=[3032.11, 2982.09, 48.125], conns=73 74 76, type=WaypointType.STAND, angle=None, ?=)
Converted 3 connections for c3356cc80b742fd59f3bf03e1a48b801
After: Waypoint(uuid=c3356cc80b742fd59f3bf03e1a48b801, _i=78, i=77, pos=[3032.11, 2982.09, 48.125], conns=8b5667ea1f0af6e2d93b33758131c3c4 5c5fa20498204ddb8dc8018be7f624d7 933be08ced1f991f9fb321fded412e3d, type=WaypointType.STAND, angle=None, ?=)
Before: Waypoint(uuid=4ea8cdf73ca2b407864f52b68eb8da34, _i=79, i=78, pos=[1301.13, 432.602, 54.6113], conns=25, type=WaypointType.CROUCH, angle=[5.18005, 58.0861, 0], ?=)
Converted 1 connections for 4ea8cdf73ca2b407864f52b68eb8da34
After: Waypoint(uuid=4ea8cdf73ca2b407864f52b68eb8da34, _i=79, i=78, pos=[1301.13, 432.602, 54.6113], conns=c994932cb0cd80b4e989a5ac80acc75e, type=WaypointType.CROUCH, angle=[5.18005, 58.0861, 0], ?=)
Before: Waypoint(uuid=248f6fcba0754746209a5d254de7ef72, _i=80, i=79, pos=[1642.13, 599.138, 48.125], conns=24, type=WaypointType.CROUCH, angle=[6.55884, 151.327, 0], ?=)
Converted 1 connections for 248f6fcba0754746209a5d254de7ef72
After: Waypoint(uuid=248f6fcba0754746209a5d254de7ef72, _i=80, i=79, pos=[1642.13, 599.138, 48.125], conns=e4c1200c0611f4b89b7ceb5b52d0a4d3, type=WaypointType.CROUCH, angle=[6.55884, 151.327, 0], ?=)
Before: Waypoint(uuid=d9e6db2eb138d5697c4449307bc666fe, _i=81, i=80, pos=[1616.88, 1068.86, 48.125], conns=22, type=WaypointType.CROUCH, angle=[5.87219, -141.162, 0], ?=)
Converted 1 connections for d9e6db2eb138d5697c4449307bc666fe
After: Waypoint(uuid=d9e6db2eb138d5697c4449307bc666fe, _i=81, i=80, pos=[1616.88, 1068.86, 48.125], conns=addba334ad961e1e440c9407c11db570, type=WaypointType.CROUCH, angle=[5.87219, -141.162, 0], ?=)
Before: Waypoint(uuid=ff4834bc645f350e17e3c8b0fa4806e0, _i=82, i=81, pos=[1183.1, 1095.78, 48.125], conns=82 164, type=WaypointType.STAND, angle=[25.7245, 169.982, 0], ?=)
Converted 2 connections for ff4834bc645f350e17e3c8b0fa4806e0
After: Waypoint(uuid=ff4834bc645f350e17e3c8b0fa4806e0, _i=82, i=81, pos=[1183.1, 1095.78, 48.125], conns=ff4834bc645f350e17e3c8b0fa4806e0 f39c227056163cd6c44ea8258744dbea, type=WaypointType.STAND, angle=[25.7245, 169.982, 0], ?=)
Before: Waypoint(uuid=47d0848faa9bd8a8305dd043fed77659, _i=83, i=82, pos=[1055.42, 1105.61, 48.125], conns=18 19 81 83, type=WaypointType.STAND, angle=[26.7627, 168.427, 0], ?=)
Converted 4 connections for 47d0848faa9bd8a8305dd043fed77659
After: Waypoint(uuid=47d0848faa9bd8a8305dd043fed77659, _i=83, i=82, pos=[1055.42, 1105.61, 48.125], conns=84afcf3f5e75b7b602034ce8d132067e 8efbc652b66b2991601f92291d963446 d9e6db2eb138d5697c4449307bc666fe 47d0848faa9bd8a8305dd043fed77659, type=WaypointType.STAND, angle=[26.7627, 168.427, 0], ?=)
Before: Waypoint(uuid=8b5040dc706da33528b9868c6624e684, _i=84, i=83, pos=[1041.71, 1237.6, 57.125], conns=82 84, type=WaypointType.STAND, angle=[44.8956, 80.2016, 0], ?=)
Converted 2 connections for 8b5040dc706da33528b9868c6624e684
After: Waypoint(uuid=8b5040dc706da33528b9868c6624e684, _i=84, i=83, pos=[1041.71, 1237.6, 57.125], conns=ff4834bc645f350e17e3c8b0fa4806e0 8b5040dc706da33528b9868c6624e684, type=WaypointType.STAND, angle=[44.8956, 80.2016, 0], ?=)
Before: Waypoint(uuid=bba21dfb4472b83c5973e596c62a6e0f, _i=85, i=84, pos=[1097.49, 1352.93, 58.125], conns=83 85 91, type=WaypointType.STAND, angle=[17.6111, -10.2763, 0], ?=)
Converted 3 connections for bba21dfb4472b83c5973e596c62a6e0f
After: Waypoint(uuid=bba21dfb4472b83c5973e596c62a6e0f, _i=85, i=84, pos=[1097.49, 1352.93, 58.125], conns=47d0848faa9bd8a8305dd043fed77659 bba21dfb4472b83c5973e596c62a6e0f 2e900056914f3821cc057727922dcbaf, type=WaypointType.STAND, angle=[17.6111, -10.2763, 0], ?=)
Before: Waypoint(uuid=4ee587e7064870fbb5a6af29b67074dc, _i=86, i=85, pos=[1291.36, 1393.73, 56.125], conns=84 86 90 166 172, type=WaypointType.STAND, angle=[24.3457, -14.0721, 0], ?=)
Converted 5 connections for 4ee587e7064870fbb5a6af29b67074dc
After: Waypoint(uuid=4ee587e7064870fbb5a6af29b67074dc, _i=86, i=85, pos=[1291.36, 1393.73, 56.125], conns=8b5040dc706da33528b9868c6624e684 4ee587e7064870fbb5a6af29b67074dc b9a653d48c920bd5ae244c6c2c227dca 66cd9faf978e6875c77533b204efe415 1dd1be046f6a82664adfb1f58e03b7c6, type=WaypointType.STAND, angle=[24.3457, -14.0721, 0], ?=)
Before: Waypoint(uuid=c6b035e12df0603cc347845b747ca008, _i=87, i=86, pos=[1495.63, 1254.78, 56.125], conns=85 87 88 89 166, type=WaypointType.STAND, angle=[11.7389, 140.637, 0], ?=)
Converted 5 connections for c6b035e12df0603cc347845b747ca008
After: Waypoint(uuid=c6b035e12df0603cc347845b747ca008, _i=87, i=86, pos=[1495.63, 1254.78, 56.125], conns=bba21dfb4472b83c5973e596c62a6e0f c6b035e12df0603cc347845b747ca008 a42bb692fdaf4286ad7b1adb1ba8b713 ee8308fcb368603f5cb4b3d054165687 66cd9faf978e6875c77533b204efe415, type=WaypointType.STAND, angle=[11.7389, 140.637, 0], ?=)
Before: Waypoint(uuid=a42bb692fdaf4286ad7b1adb1ba8b713, _i=88, i=87, pos=[1626.25, 1396.31, 81.225], conns=86, type=WaypointType.CROUCH, angle=[10.014, -147.364, 0], ?=)
Converted 1 connections for a42bb692fdaf4286ad7b1adb1ba8b713
After: Waypoint(uuid=a42bb692fdaf4286ad7b1adb1ba8b713, _i=88, i=87, pos=[1626.25, 1396.31, 81.225], conns=4ee587e7064870fbb5a6af29b67074dc, type=WaypointType.CROUCH, angle=[10.014, -147.364, 0], ?=)
Before: Waypoint(uuid=ee8308fcb368603f5cb4b3d054165687, _i=89, i=88, pos=[1578.98, 1128.61, 76.125], conns=86, type=WaypointType.CROUCH, angle=[7.42676, 134.941, 0], ?=)
Converted 1 connections for ee8308fcb368603f5cb4b3d054165687
After: Waypoint(uuid=ee8308fcb368603f5cb4b3d054165687, _i=89, i=88, pos=[1578.98, 1128.61, 76.125], conns=4ee587e7064870fbb5a6af29b67074dc, type=WaypointType.CROUCH, angle=[7.42676, 134.941, 0], ?=)
Before: Waypoint(uuid=b9a653d48c920bd5ae244c6c2c227dca, _i=90, i=89, pos=[1482.93, 1140.57, 56.125], conns=86, type=WaypointType.CROUCH, angle=[3.62549, -92.8001, 0], ?=)
Converted 1 connections for b9a653d48c920bd5ae244c6c2c227dca
After: Waypoint(uuid=b9a653d48c920bd5ae244c6c2c227dca, _i=90, i=89, pos=[1482.93, 1140.57, 56.125], conns=4ee587e7064870fbb5a6af29b67074dc, type=WaypointType.CROUCH, angle=[3.62549, -92.8001, 0], ?=)
Before: Waypoint(uuid=2e900056914f3821cc057727922dcbaf, _i=91, i=90, pos=[1244.9, 1452.9, 56.125], conns=85, type=WaypointType.CROUCH, angle=[3.10913, 96.4339, 0], ?=)
Converted 1 connections for 2e900056914f3821cc057727922dcbaf
After: Waypoint(uuid=2e900056914f3821cc057727922dcbaf, _i=91, i=90, pos=[1244.9, 1452.9, 56.125], conns=bba21dfb4472b83c5973e596c62a6e0f, type=WaypointType.CROUCH, angle=[3.10913, 96.4339, 0], ?=)
Before: Waypoint(uuid=065cb0fc8eea9709871447b15c6519d3, _i=92, i=91, pos=[1033.2, 1475.59, 56.125], conns=84, type=WaypointType.CROUCH, angle=[6.73455, -50.8436, 0], ?=)
Converted 1 connections for 065cb0fc8eea9709871447b15c6519d3
After: Waypoint(uuid=065cb0fc8eea9709871447b15c6519d3, _i=92, i=91, pos=[1033.2, 1475.59, 56.125], conns=8b5040dc706da33528b9868c6624e684, type=WaypointType.CROUCH, angle=[6.73455, -50.8436, 0], ?=)
Before: Waypoint(uuid=2d2f2b2fca85ff9f2ff81ff236347f93, _i=93, i=92, pos=[1269.34, 769.496, 48.125], conns=26 27 93, type=WaypointType.STAND, angle=[35.7439, -82.9621, 0], ?=)
Converted 3 connections for 2d2f2b2fca85ff9f2ff81ff236347f93
After: Waypoint(uuid=2d2f2b2fca85ff9f2ff81ff236347f93, _i=93, i=92, pos=[1269.34, 769.496, 48.125], conns=ce99c1f64543f8554f00c0d9d59bd47b 4b2b066df97c108dc88cbc64327fa536 2d2f2b2fca85ff9f2ff81ff236347f93, type=WaypointType.STAND, angle=[35.7439, -82.9621, 0], ?=)
Before: Waypoint(uuid=3102ee6fb4c215418b645ac7fa40941c, _i=94, i=93, pos=[1306.57, 645.726, 48.1786], conns=25 92 94, type=WaypointType.STAND, angle=[32.8051, 84.1729, 0], ?=)
Converted 3 connections for 3102ee6fb4c215418b645ac7fa40941c
After: Waypoint(uuid=3102ee6fb4c215418b645ac7fa40941c, _i=94, i=93, pos=[1306.57, 645.726, 48.1786], conns=c994932cb0cd80b4e989a5ac80acc75e 065cb0fc8eea9709871447b15c6519d3 3102ee6fb4c215418b645ac7fa40941c, type=WaypointType.STAND, angle=[32.8051, 84.1729, 0], ?=)
Before: Waypoint(uuid=164aad9fef29fe60041b733bdd5b27fc, _i=95, i=94, pos=[1232.2, 613.306, 56.125], conns=93 95, type=WaypointType.STAND, angle=[21.0662, 176.722, 0], ?=)
Converted 2 connections for 164aad9fef29fe60041b733bdd5b27fc
After: Waypoint(uuid=164aad9fef29fe60041b733bdd5b27fc, _i=95, i=94, pos=[1232.2, 613.306, 56.125], conns=2d2f2b2fca85ff9f2ff81ff236347f93 164aad9fef29fe60041b733bdd5b27fc, type=WaypointType.STAND, angle=[21.0662, 176.722, 0], ?=)
Before: Waypoint(uuid=8cb267aa04a44ae1c95ea0f2c8b425d5, _i=96, i=95, pos=[1075.71, 621.073, 112.125], conns=94 96, type=WaypointType.STAND, angle=[36.7767, -88.1367, 0], ?=)
Converted 2 connections for 8cb267aa04a44ae1c95ea0f2c8b425d5
After: Waypoint(uuid=8cb267aa04a44ae1c95ea0f2c8b425d5, _i=96, i=95, pos=[1075.71, 621.073, 112.125], conns=3102ee6fb4c215418b645ac7fa40941c 8cb267aa04a44ae1c95ea0f2c8b425d5, type=WaypointType.STAND, angle=[36.7767, -88.1367, 0], ?=)
Before: Waypoint(uuid=1b57164f7565191acfaccfa330a5574c, _i=97, i=96, pos=[1083.83, 424.106, 112.125], conns=95 97 100, type=WaypointType.STAND, angle=[27.4548, 172.058, 0], ?=)
Converted 3 connections for 1b57164f7565191acfaccfa330a5574c
After: Waypoint(uuid=1b57164f7565191acfaccfa330a5574c, _i=97, i=96, pos=[1083.83, 424.106, 112.125], conns=164aad9fef29fe60041b733bdd5b27fc 1b57164f7565191acfaccfa330a5574c 32645c1f622270b61d4f9e79242aaf85, type=WaypointType.STAND, angle=[27.4548, 172.058, 0], ?=)
Before: Waypoint(uuid=b5a120d81ba6b834c2019468be15e5da, _i=98, i=97, pos=[982.741, 420.085, 112.125], conns=96 98 106, type=WaypointType.STAND, angle=[33.327, 128.722, 0], ?=)
Converted 3 connections for b5a120d81ba6b834c2019468be15e5da
After: Waypoint(uuid=b5a120d81ba6b834c2019468be15e5da, _i=98, i=97, pos=[982.741, 420.085, 112.125], conns=8cb267aa04a44ae1c95ea0f2c8b425d5 b5a120d81ba6b834c2019468be15e5da 13196383c396d66c17f5a023cb032130, type=WaypointType.STAND, angle=[33.327, 128.722, 0], ?=)
Before: Waypoint(uuid=6b744f8becc5fb9dd77851f6d3a91589, _i=99, i=98, pos=[987.97, 515.063, 112.125], conns=97 99 111, type=WaypointType.STAND, angle=[15.8862, 92.116, 0], ?=)
Converted 3 connections for 6b744f8becc5fb9dd77851f6d3a91589
After: Waypoint(uuid=6b744f8becc5fb9dd77851f6d3a91589, _i=99, i=98, pos=[987.97, 515.063, 112.125], conns=1b57164f7565191acfaccfa330a5574c 6b744f8becc5fb9dd77851f6d3a91589 9070999e2f24ea4dee47947578ba7180, type=WaypointType.STAND, angle=[15.8862, 92.116, 0], ?=)
Before: Waypoint(uuid=32645c1f622270b61d4f9e79242aaf85, _i=100, i=99, pos=[871.125, 424.125, 119.125], conns=98, type=WaypointType.CROUCH, angle=[8.28911, 32.3779, 0], ?=)
Converted 1 connections for 32645c1f622270b61d4f9e79242aaf85
After: Waypoint(uuid=32645c1f622270b61d4f9e79242aaf85, _i=100, i=99, pos=[871.125, 424.125, 119.125], conns=b5a120d81ba6b834c2019468be15e5da, type=WaypointType.CROUCH, angle=[8.28911, 32.3779, 0], ?=)
Before: Waypoint(uuid=3aa5b14ed8616323ab75085d7c277ffc, _i=101, i=100, pos=[1188.95, 420.009, 112.125], conns=96 101 112, type=WaypointType.STAND, angle=[22.9668, -71.2232, 0], ?=)
Converted 3 connections for 3aa5b14ed8616323ab75085d7c277ffc
After: Waypoint(uuid=3aa5b14ed8616323ab75085d7c277ffc, _i=101, i=100, pos=[1188.95, 420.009, 112.125], conns=8cb267aa04a44ae1c95ea0f2c8b425d5 3aa5b14ed8616323ab75085d7c277ffc c7fbee8ac555a7936e7169b7ee4dfde1, type=WaypointType.STAND, angle=[22.9668, -71.2232, 0], ?=)
Before: Waypoint(uuid=e5ebc57ff6d396eae23252ae18e51ec7, _i=102, i=101, pos=[1195.73, 303.274, 112.125], conns=100 102 110, type=WaypointType.STAND, angle=[44.0276, -105.237, 0], ?=)
Converted 3 connections for e5ebc57ff6d396eae23252ae18e51ec7
After: Waypoint(uuid=e5ebc57ff6d396eae23252ae18e51ec7, _i=102, i=101, pos=[1195.73, 303.274, 112.125], conns=32645c1f622270b61d4f9e79242aaf85 e5ebc57ff6d396eae23252ae18e51ec7 4d288f3a1c5e3bfdf09240ff07601c56, type=WaypointType.STAND, angle=[44.0276, -105.237, 0], ?=)
Before: Waypoint(uuid=c765e277ba11383dd6d14a643a6692d1, _i=103, i=102, pos=[1181.58, 229.643, 113.125], conns=101 103, type=WaypointType.STAND, angle=[52.4926, -97.2938, 0], ?=)
Converted 2 connections for c765e277ba11383dd6d14a643a6692d1
After: Waypoint(uuid=c765e277ba11383dd6d14a643a6692d1, _i=103, i=102, pos=[1181.58, 229.643, 113.125], conns=3aa5b14ed8616323ab75085d7c277ffc c765e277ba11383dd6d14a643a6692d1, type=WaypointType.STAND, angle=[52.4926, -97.2938, 0], ?=)
Before: Waypoint(uuid=9ea3f22ad8aa990e438a9b18d8f291a4, _i=104, i=103, pos=[1174.41, 95.9936, 112.125], conns=102 104 109, type=WaypointType.STAND, angle=[29.8718, 162.731, 0], ?=)
Converted 3 connections for 9ea3f22ad8aa990e438a9b18d8f291a4
After: Waypoint(uuid=9ea3f22ad8aa990e438a9b18d8f291a4, _i=104, i=103, pos=[1174.41, 95.9936, 112.125], conns=e5ebc57ff6d396eae23252ae18e51ec7 9ea3f22ad8aa990e438a9b18d8f291a4 4ebcb686d19b347a924d7b60fc9edbf0, type=WaypointType.STAND, angle=[29.8718, 162.731, 0], ?=)
Before: Waypoint(uuid=0feb90deffcbf8446e24a7feb0fc9a3f, _i=105, i=104, pos=[994.787, 104.563, 112.125], conns=103 105 108, type=WaypointType.STAND, angle=[26.7626, 110.93, 0], ?=)
Converted 3 connections for 0feb90deffcbf8446e24a7feb0fc9a3f
After: Waypoint(uuid=0feb90deffcbf8446e24a7feb0fc9a3f, _i=105, i=104, pos=[994.787, 104.563, 112.125], conns=c765e277ba11383dd6d14a643a6692d1 0feb90deffcbf8446e24a7feb0fc9a3f b31537e2ea95c63cdcac6e0c810fcdf3, type=WaypointType.STAND, angle=[26.7626, 110.93, 0], ?=)
Before: Waypoint(uuid=13196383c396d66c17f5a023cb032130, _i=106, i=105, pos=[976.899, 229.154, 113.125], conns=104 106, type=WaypointType.STAND, angle=[23.9996, 91.4184, 0], ?=)
Converted 2 connections for 13196383c396d66c17f5a023cb032130
After: Waypoint(uuid=13196383c396d66c17f5a023cb032130, _i=106, i=105, pos=[976.899, 229.154, 113.125], conns=9ea3f22ad8aa990e438a9b18d8f291a4 13196383c396d66c17f5a023cb032130, type=WaypointType.STAND, angle=[23.9996, 91.4184, 0], ?=)
Before: Waypoint(uuid=03bad305037fc294a411d200e8228cac, _i=107, i=106, pos=[975.67, 340.479, 112.125], conns=97 105 107, type=WaypointType.STAND, angle=[25.9002, 87.7929, 0], ?=)
Converted 3 connections for 03bad305037fc294a411d200e8228cac
After: Waypoint(uuid=03bad305037fc294a411d200e8228cac, _i=107, i=106, pos=[975.67, 340.479, 112.125], conns=1b57164f7565191acfaccfa330a5574c 0feb90deffcbf8446e24a7feb0fc9a3f 03bad305037fc294a411d200e8228cac, type=WaypointType.STAND, angle=[25.9002, 87.7929, 0], ?=)
Before: Waypoint(uuid=b31537e2ea95c63cdcac6e0c810fcdf3, _i=108, i=107, pos=[809.563, 329.102, 112.125], conns=106 113, type=WaypointType.STAND, angle=[42.8191, 91.7645, 0], ?=)
Converted 2 connections for b31537e2ea95c63cdcac6e0c810fcdf3
After: Waypoint(uuid=b31537e2ea95c63cdcac6e0c810fcdf3, _i=108, i=107, pos=[809.563, 329.102, 112.125], conns=13196383c396d66c17f5a023cb032130 98753b7b4eeee4d169df4776410a5f06, type=WaypointType.STAND, angle=[42.8191, 91.7645, 0], ?=)
Before: Waypoint(uuid=4ebcb686d19b347a924d7b60fc9edbf0, _i=109, i=108, pos=[945.125, 39.1313, 112.125], conns=104, type=WaypointType.CROUCH, angle=[8.97576, 59.992, 0], ?=)
Converted 1 connections for 4ebcb686d19b347a924d7b60fc9edbf0
After: Waypoint(uuid=4ebcb686d19b347a924d7b60fc9edbf0, _i=109, i=108, pos=[945.125, 39.1313, 112.125], conns=9ea3f22ad8aa990e438a9b18d8f291a4, type=WaypointType.CROUCH, angle=[8.97576, 59.992, 0], ?=)
Before: Waypoint(uuid=4d288f3a1c5e3bfdf09240ff07601c56, _i=110, i=109, pos=[1209.5, 63.6995, 112.125], conns=103, type=WaypointType.CROUCH, angle=[6.21819, 121.12, 0], ?=)
Converted 1 connections for 4d288f3a1c5e3bfdf09240ff07601c56
After: Waypoint(uuid=4d288f3a1c5e3bfdf09240ff07601c56, _i=110, i=109, pos=[1209.5, 63.6995, 112.125], conns=c765e277ba11383dd6d14a643a6692d1, type=WaypointType.CROUCH, angle=[6.21819, 121.12, 0], ?=)
Before: Waypoint(uuid=9070999e2f24ea4dee47947578ba7180, _i=111, i=110, pos=[1262.52, 247.487, 112.125], conns=101, type=WaypointType.CROUCH, angle=[5.0042, 133.029, 0], ?=)
Converted 1 connections for 9070999e2f24ea4dee47947578ba7180
After: Waypoint(uuid=9070999e2f24ea4dee47947578ba7180, _i=111, i=110, pos=[1262.52, 247.487, 112.125], conns=3aa5b14ed8616323ab75085d7c277ffc, type=WaypointType.CROUCH, angle=[5.0042, 133.029, 0], ?=)
Before: Waypoint(uuid=c7fbee8ac555a7936e7169b7ee4dfde1, _i=112, i=111, pos=[876.071, 531.984, 112.125], conns=98, type=WaypointType.CROUCH, angle=[9.6679, -43.6091, 0], ?=)
Converted 1 connections for c7fbee8ac555a7936e7169b7ee4dfde1
After: Waypoint(uuid=c7fbee8ac555a7936e7169b7ee4dfde1, _i=112, i=111, pos=[876.071, 531.984, 112.125], conns=b5a120d81ba6b834c2019468be15e5da, type=WaypointType.CROUCH, angle=[9.6679, -43.6091, 0], ?=)
Before: Waypoint(uuid=98753b7b4eeee4d169df4776410a5f06, _i=113, i=112, pos=[1259.22, 484.584, 112.125], conns=100, type=WaypointType.CROUCH, angle=[4.66363, -163.772, 0], ?=)
Converted 1 connections for 98753b7b4eeee4d169df4776410a5f06
After: Waypoint(uuid=98753b7b4eeee4d169df4776410a5f06, _i=113, i=112, pos=[1259.22, 484.584, 112.125], conns=32645c1f622270b61d4f9e79242aaf85, type=WaypointType.CROUCH, angle=[4.66363, -163.772, 0], ?=)
Before: Waypoint(uuid=6d81253284d64b1d01cba52b90d02ac6, _i=114, i=113, pos=[816.378, 534.319, -7.875], conns=107 114, type=WaypointType.STAND, angle=[37.6391, 72.2528, 0], ?=)
Converted 2 connections for 6d81253284d64b1d01cba52b90d02ac6
After: Waypoint(uuid=6d81253284d64b1d01cba52b90d02ac6, _i=114, i=113, pos=[816.378, 534.319, -7.875], conns=03bad305037fc294a411d200e8228cac 6d81253284d64b1d01cba52b90d02ac6, type=WaypointType.STAND, angle=[37.6391, 72.2528, 0], ?=)
Before: Waypoint(uuid=affbcd7c34c8cfd203521a7fda289dfb, _i=115, i=114, pos=[951.472, 530.797, -7.875], conns=113 115 124, type=WaypointType.STAND, angle=[14.848, -75.0355, 0], ?=)
Converted 3 connections for affbcd7c34c8cfd203521a7fda289dfb
After: Waypoint(uuid=affbcd7c34c8cfd203521a7fda289dfb, _i=115, i=114, pos=[951.472, 530.797, -7.875], conns=98753b7b4eeee4d169df4776410a5f06 affbcd7c34c8cfd203521a7fda289dfb ce48552d6cfbe17953983c8679bc83e0, type=WaypointType.STAND, angle=[14.848, -75.0355, 0], ?=)
Before: Waypoint(uuid=a547be13d7288a4bf0b0a7a56b28c5ba, _i=116, i=115, pos=[1171.17, 387.431, -7.875], conns=114 116 123, type=WaypointType.STAND, angle=[12.431, -88.8453, 0], ?=)
Converted 3 connections for a547be13d7288a4bf0b0a7a56b28c5ba
After: Waypoint(uuid=a547be13d7288a4bf0b0a7a56b28c5ba, _i=116, i=115, pos=[1171.17, 387.431, -7.875], conns=6d81253284d64b1d01cba52b90d02ac6 a547be13d7288a4bf0b0a7a56b28c5ba 0065710c0227594e046dc6d9b684efb4, type=WaypointType.STAND, angle=[12.431, -88.8453, 0], ?=)
Before: Waypoint(uuid=59e3e4bb7e8d3f03fb06e20db0ef73ec, _i=117, i=116, pos=[1162.67, 244.137, -7.875], conns=115 117 119, type=WaypointType.STAND, angle=[27.279, 101.768, 0], ?=)
Converted 3 connections for 59e3e4bb7e8d3f03fb06e20db0ef73ec
After: Waypoint(uuid=59e3e4bb7e8d3f03fb06e20db0ef73ec, _i=117, i=116, pos=[1162.67, 244.137, -7.875], conns=affbcd7c34c8cfd203521a7fda289dfb 59e3e4bb7e8d3f03fb06e20db0ef73ec f8db37c7a0ce9bdf1083b37ae4640c82, type=WaypointType.STAND, angle=[27.279, 101.768, 0], ?=)
Before: Waypoint(uuid=91289d9414861b9e8c8439f66ed5e7bd, _i=118, i=117, pos=[1163.59, 66.1069, -7.875], conns=116 118 121, type=WaypointType.STAND, angle=[18.3032, -168.271, 0], ?=)
Converted 3 connections for 91289d9414861b9e8c8439f66ed5e7bd
After: Waypoint(uuid=91289d9414861b9e8c8439f66ed5e7bd, _i=118, i=117, pos=[1163.59, 66.1069, -7.875], conns=a547be13d7288a4bf0b0a7a56b28c5ba 91289d9414861b9e8c8439f66ed5e7bd f1e7494221cb42c52d9d7fc7d8886e68, type=WaypointType.STAND, angle=[18.3032, -168.271, 0], ?=)
Before: Waypoint(uuid=f8db37c7a0ce9bdf1083b37ae4640c82, _i=119, i=118, pos=[1009.17, 84.2364, -7.875], conns=117 119 120, type=WaypointType.STAND, angle=[20.5444, 89.8529, 0], ?=)
Converted 3 connections for f8db37c7a0ce9bdf1083b37ae4640c82
After: Waypoint(uuid=f8db37c7a0ce9bdf1083b37ae4640c82, _i=119, i=118, pos=[1009.17, 84.2364, -7.875], conns=59e3e4bb7e8d3f03fb06e20db0ef73ec f8db37c7a0ce9bdf1083b37ae4640c82 ab598284702a6de7c77a783f58c85609, type=WaypointType.STAND, angle=[20.5444, 89.8529, 0], ?=)
Before: Waypoint(uuid=ab598284702a6de7c77a783f58c85609, _i=120, i=119, pos=[1035.14, 238.347, -7.875], conns=116 118 122, type=WaypointType.STAND, angle=[31.2505, 53.2519, 0], ?=)
Converted 3 connections for ab598284702a6de7c77a783f58c85609
After: Waypoint(uuid=ab598284702a6de7c77a783f58c85609, _i=120, i=119, pos=[1035.14, 238.347, -7.875], conns=a547be13d7288a4bf0b0a7a56b28c5ba 91289d9414861b9e8c8439f66ed5e7bd bd049774a99aa0a91d52c761cc8d8a1f, type=WaypointType.STAND, angle=[31.2505, 53.2519, 0], ?=)
Before: Waypoint(uuid=f1e7494221cb42c52d9d7fc7d8886e68, _i=121, i=120, pos=[949.916, 43.6078, -7.875], conns=118, type=WaypointType.CROUCH, angle=[6.04241, 43.4081, 0], ?=)
Converted 1 connections for f1e7494221cb42c52d9d7fc7d8886e68
After: Waypoint(uuid=f1e7494221cb42c52d9d7fc7d8886e68, _i=121, i=120, pos=[949.916, 43.6078, -7.875], conns=91289d9414861b9e8c8439f66ed5e7bd, type=WaypointType.CROUCH, angle=[6.04241, 43.4081, 0], ?=)
Before: Waypoint(uuid=bd049774a99aa0a91d52c761cc8d8a1f, _i=122, i=121, pos=[1262.33, 39.7411, -7.875], conns=117, type=WaypointType.CROUCH, angle=[5.69634, 131.293, 0], ?=)
Converted 1 connections for bd049774a99aa0a91d52c761cc8d8a1f
After: Waypoint(uuid=bd049774a99aa0a91d52c761cc8d8a1f, _i=122, i=121, pos=[1262.33, 39.7411, -7.875], conns=59e3e4bb7e8d3f03fb06e20db0ef73ec, type=WaypointType.CROUCH, angle=[5.69634, 131.293, 0], ?=)
Before: Waypoint(uuid=0065710c0227594e046dc6d9b684efb4, _i=123, i=122, pos=[945.125, 272.875, -7.875], conns=119, type=WaypointType.CROUCH, angle=[6.21819, -4.07477, 0], ?=)
Converted 1 connections for 0065710c0227594e046dc6d9b684efb4
After: Waypoint(uuid=0065710c0227594e046dc6d9b684efb4, _i=123, i=122, pos=[945.125, 272.875, -7.875], conns=f8db37c7a0ce9bdf1083b37ae4640c82, type=WaypointType.CROUCH, angle=[6.21819, -4.07477, 0], ?=)
Before: Waypoint(uuid=ce48552d6cfbe17953983c8679bc83e0, _i=124, i=123, pos=[1262.88, 487.593, -7.875], conns=115, type=WaypointType.CROUCH, angle=[5.0042, -169.133, 0], ?=)
Converted 1 connections for ce48552d6cfbe17953983c8679bc83e0
After: Waypoint(uuid=ce48552d6cfbe17953983c8679bc83e0, _i=124, i=123, pos=[1262.88, 487.593, -7.875], conns=affbcd7c34c8cfd203521a7fda289dfb, type=WaypointType.CROUCH, angle=[5.0042, -169.133, 0], ?=)
Before: Waypoint(uuid=f24106595cbd877de4b1825a839156f6, _i=125, i=124, pos=[938.828, 321.298, -7.875], conns=114, type=WaypointType.CROUCH, angle=[-7.94316, 120.071, 0], ?=)
Converted 1 connections for f24106595cbd877de4b1825a839156f6
After: Waypoint(uuid=f24106595cbd877de4b1825a839156f6, _i=125, i=124, pos=[938.828, 321.298, -7.875], conns=6d81253284d64b1d01cba52b90d02ac6, type=WaypointType.CROUCH, angle=[-7.94316, 120.071, 0], ?=)
Before: Waypoint(uuid=9fb5ebf85a7f31ee876b0c625157be1b, _i=126, i=125, pos=[579.125, 335.547, 61.96], conns=29, type=WaypointType.CROUCH, angle=[7.94304, 68.4515, 0], ?=)
Converted 1 connections for 9fb5ebf85a7f31ee876b0c625157be1b
After: Waypoint(uuid=9fb5ebf85a7f31ee876b0c625157be1b, _i=126, i=125, pos=[579.125, 335.547, 61.96], conns=4f69dc8ebb5d020018ea646f10e0d82a, type=WaypointType.CROUCH, angle=[7.94304, 68.4515, 0], ?=)
Before: Waypoint(uuid=2c2dc7bb43a43ece6bab1eb51d48d197, _i=127, i=126, pos=[444.996, 813.111, 49.125], conns=35, type=WaypointType.CROUCH, angle=[3.97149, 12.1685, 0], ?=)
Converted 1 connections for 2c2dc7bb43a43ece6bab1eb51d48d197
After: Waypoint(uuid=2c2dc7bb43a43ece6bab1eb51d48d197, _i=127, i=126, pos=[444.996, 813.111, 49.125], conns=04dac1c1e11143a90067e7535a729e82, type=WaypointType.CROUCH, angle=[3.97149, 12.1685, 0], ?=)
Before: Waypoint(uuid=8a71fae5eef68d74bc44dd2e837b4efc, _i=128, i=127, pos=[528.305, 957.345, 49.125], conns=35, type=WaypointType.CROUCH, angle=[6.04241, -33.9356, 0], ?=)
Converted 1 connections for 8a71fae5eef68d74bc44dd2e837b4efc
After: Waypoint(uuid=8a71fae5eef68d74bc44dd2e837b4efc, _i=128, i=127, pos=[528.305, 957.345, 49.125], conns=04dac1c1e11143a90067e7535a729e82, type=WaypointType.CROUCH, angle=[6.04241, -33.9356, 0], ?=)
Before: Waypoint(uuid=64a4a9129a41629ef0e06de7bf7bfb76, _i=129, i=128, pos=[529.413, 1430.79, 57.3276], conns=37, type=WaypointType.CROUCH, angle=[7.08062, 58.9593, 0], ?=)
Converted 1 connections for 64a4a9129a41629ef0e06de7bf7bfb76
After: Waypoint(uuid=64a4a9129a41629ef0e06de7bf7bfb76, _i=129, i=128, pos=[529.413, 1430.79, 57.3276], conns=b29dc73142b1f0503c8160aacc772dde, type=WaypointType.CROUCH, angle=[7.08062, 58.9593, 0], ?=)
Before: Waypoint(uuid=b156d798ad5fdbefb8eff07686d3da92, _i=130, i=129, pos=[958.662, 2266.31, 59.9619], conns=43 46, type=WaypointType.STAND, angle=[18.8195, 94.8736, 0], ?=)
Converted 2 connections for b156d798ad5fdbefb8eff07686d3da92
After: Waypoint(uuid=b156d798ad5fdbefb8eff07686d3da92, _i=130, i=129, pos=[958.662, 2266.31, 59.9619], conns=1daf9de3840aea93343ea93bf1651aa8 15518427ff6911807de74408739c2652, type=WaypointType.STAND, angle=[18.8195, 94.8736, 0], ?=)
Before: Waypoint(uuid=02b60e2d4f28efc2026d0e5d7666360b, _i=131, i=130, pos=[407.491, 2603.23, 64.125], conns=45, type=WaypointType.CROUCH, angle=[4.66363, -35.4792, 0], ?=)
Converted 1 connections for 02b60e2d4f28efc2026d0e5d7666360b
After: Waypoint(uuid=02b60e2d4f28efc2026d0e5d7666360b, _i=131, i=130, pos=[407.491, 2603.23, 64.125], conns=b2bf4699279fbac34a31b2665e604caf, type=WaypointType.CROUCH, angle=[4.66363, -35.4792, 0], ?=)
Before: Waypoint(uuid=7fbb5b24571f79b7ce9c5fe921fbfbc8, _i=132, i=131, pos=[1080.75, 2637.27, 48.0458], conns=6 7 47, type=WaypointType.STAND, angle=[40.0561, -49.1242, 0], ?=)
Converted 3 connections for 7fbb5b24571f79b7ce9c5fe921fbfbc8
After: Waypoint(uuid=7fbb5b24571f79b7ce9c5fe921fbfbc8, _i=132, i=131, pos=[1080.75, 2637.27, 48.0458], conns=8d4802f0baaf41bee11f702fdab22dfc efdf2d1c25587debb4efd6c5c7938cfd a0cc792a42ed77ca226be6ea7716db91, type=WaypointType.STAND, angle=[40.0561, -49.1242, 0], ?=)
Before: Waypoint(uuid=a81888c60b0ca49e5b63c31b31218676, _i=133, i=132, pos=[853.172, 2925.02, 48.0251], conns=6, type=WaypointType.CROUCH, angle=[5.69634, -28.2337, 0], ?=)
Converted 1 connections for a81888c60b0ca49e5b63c31b31218676
After: Waypoint(uuid=a81888c60b0ca49e5b63c31b31218676, _i=133, i=132, pos=[853.172, 2925.02, 48.0251], conns=8d4802f0baaf41bee11f702fdab22dfc, type=WaypointType.CROUCH, angle=[5.69634, -28.2337, 0], ?=)
Before: Waypoint(uuid=8aa2ca160a1208b9c7f336df112fff98, _i=134, i=133, pos=[1394.91, 2711.82, 47.4564], conns=5 134, type=WaypointType.STAND, angle=[34.876, 178.095, 0], ?=)
Converted 2 connections for 8aa2ca160a1208b9c7f336df112fff98
After: Waypoint(uuid=8aa2ca160a1208b9c7f336df112fff98, _i=134, i=133, pos=[1394.91, 2711.82, 47.4564], conns=b187b0045a5acbebc92fd39a7b448340 8aa2ca160a1208b9c7f336df112fff98, type=WaypointType.STAND, angle=[34.876, 178.095, 0], ?=)
Before: Waypoint(uuid=6ad5f1921ab7e6f94b6b16ffd144981c, _i=135, i=134, pos=[1233.42, 2661.8, 118.125], conns=133 135, type=WaypointType.STAND, angle=[63.7151, -166.892, 0], ?=)
Converted 2 connections for 6ad5f1921ab7e6f94b6b16ffd144981c
After: Waypoint(uuid=6ad5f1921ab7e6f94b6b16ffd144981c, _i=135, i=134, pos=[1233.42, 2661.8, 118.125], conns=a81888c60b0ca49e5b63c31b31218676 6ad5f1921ab7e6f94b6b16ffd144981c, type=WaypointType.STAND, angle=[63.7151, -166.892, 0], ?=)
Before: Waypoint(uuid=ec948c37af39fc001cc9d43ee0f17cc1, _i=136, i=135, pos=[1219.2, 2726.65, 118.125], conns=134 136, type=WaypointType.STAND, angle=[51.2786, 101.421, 0], ?=)
Converted 2 connections for ec948c37af39fc001cc9d43ee0f17cc1
After: Waypoint(uuid=ec948c37af39fc001cc9d43ee0f17cc1, _i=136, i=135, pos=[1219.2, 2726.65, 118.125], conns=8aa2ca160a1208b9c7f336df112fff98 ec948c37af39fc001cc9d43ee0f17cc1, type=WaypointType.STAND, angle=[51.2786, 101.421, 0], ?=)
Before: Waypoint(uuid=3915bfa9d23200d8d7e1e1f3de30dda6, _i=137, i=136, pos=[1396.52, 2784.92, 200.125], conns=135 137 138, type=WaypointType.STAND, angle=[52.3168, 3.00592, 0], ?=)
Converted 3 connections for 3915bfa9d23200d8d7e1e1f3de30dda6
After: Waypoint(uuid=3915bfa9d23200d8d7e1e1f3de30dda6, _i=137, i=136, pos=[1396.52, 2784.92, 200.125], conns=6ad5f1921ab7e6f94b6b16ffd144981c 3915bfa9d23200d8d7e1e1f3de30dda6 cf5e1ce2b5d669001baf981c63882c08, type=WaypointType.STAND, angle=[52.3168, 3.00592, 0], ?=)
Before: Waypoint(uuid=cf5e1ce2b5d669001baf981c63882c08, _i=138, i=137, pos=[1489.57, 2841.92, 200.125], conns=136, type=WaypointType.CROUCH, angle=[17.4407, 10.603, 0], ?=)
Converted 1 connections for cf5e1ce2b5d669001baf981c63882c08
After: Waypoint(uuid=cf5e1ce2b5d669001baf981c63882c08, _i=138, i=137, pos=[1489.57, 2841.92, 200.125], conns=ec948c37af39fc001cc9d43ee0f17cc1, type=WaypointType.CROUCH, angle=[17.4407, 10.603, 0], ?=)
Before: Waypoint(uuid=c124e3de6cf2f0354d98f77b1969248e, _i=139, i=138, pos=[1476.54, 2773.26, 200.125], conns=136 139, type=WaypointType.STAND, angle=[28.8335, -43.6146, 0], ?=)
Converted 2 connections for c124e3de6cf2f0354d98f77b1969248e
After: Waypoint(uuid=c124e3de6cf2f0354d98f77b1969248e, _i=139, i=138, pos=[1476.54, 2773.26, 200.125], conns=ec948c37af39fc001cc9d43ee0f17cc1 c124e3de6cf2f0354d98f77b1969248e, type=WaypointType.STAND, angle=[28.8335, -43.6146, 0], ?=)
Before: Waypoint(uuid=d5a5a73a6ef446c12482bf0dd261158e, _i=140, i=139, pos=[1619.69, 2381.51, 200.125], conns=138 140, type=WaypointType.STAND, angle=[40.5779, -59.8469, 0], ?=)
Converted 2 connections for d5a5a73a6ef446c12482bf0dd261158e
After: Waypoint(uuid=d5a5a73a6ef446c12482bf0dd261158e, _i=140, i=139, pos=[1619.69, 2381.51, 200.125], conns=cf5e1ce2b5d669001baf981c63882c08 d5a5a73a6ef446c12482bf0dd261158e, type=WaypointType.STAND, angle=[40.5779, -59.8469, 0], ?=)
Before: Waypoint(uuid=873e2d21ae17a5986a51b5312d2bd5e7, _i=141, i=140, pos=[1624.04, 2476.04, 200.125], conns=139, type=WaypointType.CROUCH, angle=[16.7486, 30.631, 0], ?=)
Converted 1 connections for 873e2d21ae17a5986a51b5312d2bd5e7
After: Waypoint(uuid=873e2d21ae17a5986a51b5312d2bd5e7, _i=141, i=140, pos=[1624.04, 2476.04, 200.125], conns=c124e3de6cf2f0354d98f77b1969248e, type=WaypointType.CROUCH, angle=[16.7486, 30.631, 0], ?=)
Before: Waypoint(uuid=6a73a17f7baede8fc95c2ce1c8c4447a, _i=142, i=141, pos=[1826.85, 3288.65, 46.3117], conns=1, type=WaypointType.CROUCH, angle=[6.04241, -117.849, 0], ?=)
Converted 1 connections for 6a73a17f7baede8fc95c2ce1c8c4447a
After: Waypoint(uuid=6a73a17f7baede8fc95c2ce1c8c4447a, _i=142, i=141, pos=[1826.85, 3288.65, 46.3117], conns=13452ee45af302b24200719062cb7de0, type=WaypointType.CROUCH, angle=[6.04241, -117.849, 0], ?=)
Before: Waypoint(uuid=923c4763a75e31dbd874a7c9ab3776d1, _i=143, i=142, pos=[1890.18, 2519.43, 48.0139], conns=14 143, type=WaypointType.STAND, angle=[54.5635, 24.0887, 0], ?=)
Converted 2 connections for 923c4763a75e31dbd874a7c9ab3776d1
After: Waypoint(uuid=923c4763a75e31dbd874a7c9ab3776d1, _i=143, i=142, pos=[1890.18, 2519.43, 48.0139], conns=1484474abad2adcd13593d3a05c39811 923c4763a75e31dbd874a7c9ab3776d1, type=WaypointType.STAND, angle=[54.5635, 24.0887, 0], ?=)
Before: Waypoint(uuid=8d0434d60b115453c792dcd256962ef9, _i=144, i=143, pos=[1986.16, 2548.99, 48.0001], conns=142 144 147, type=WaypointType.STAND, angle=[22.7911, -70.3608, 0], ?=)
Converted 3 connections for 8d0434d60b115453c792dcd256962ef9
After: Waypoint(uuid=8d0434d60b115453c792dcd256962ef9, _i=144, i=143, pos=[1986.16, 2548.99, 48.0001], conns=6a73a17f7baede8fc95c2ce1c8c4447a 8d0434d60b115453c792dcd256962ef9 34156f0ac4d54f8b8d4882f108481e8b, type=WaypointType.STAND, angle=[22.7911, -70.3608, 0], ?=)
Before: Waypoint(uuid=30544b8497d74f6da03ac4a2ea3a531c, _i=145, i=144, pos=[2035.59, 2411.14, 48.0203], conns=143 145 146, type=WaypointType.STAND, angle=[24.6917, -68.6359, 0], ?=)
Converted 3 connections for 30544b8497d74f6da03ac4a2ea3a531c
After: Waypoint(uuid=30544b8497d74f6da03ac4a2ea3a531c, _i=145, i=144, pos=[2035.59, 2411.14, 48.0203], conns=923c4763a75e31dbd874a7c9ab3776d1 30544b8497d74f6da03ac4a2ea3a531c f1c79a272d90f07c3e3b2365dde658a3, type=WaypointType.STAND, angle=[24.6917, -68.6359, 0], ?=)
Before: Waypoint(uuid=f1c79a272d90f07c3e3b2365dde658a3, _i=146, i=145, pos=[2063.87, 2342.6, 48.0271], conns=53 144 150, type=WaypointType.STAND, angle=[34.7057, -62.934, 0], ?=)
Converted 3 connections for f1c79a272d90f07c3e3b2365dde658a3
After: Waypoint(uuid=f1c79a272d90f07c3e3b2365dde658a3, _i=146, i=145, pos=[2063.87, 2342.6, 48.0271], conns=d659ece990821cb5fe728b6a4e6269ee 8d0434d60b115453c792dcd256962ef9 fcd3eae7cf4965b38ea78382c5552cac, type=WaypointType.STAND, angle=[34.7057, -62.934, 0], ?=)
Before: Waypoint(uuid=34156f0ac4d54f8b8d4882f108481e8b, _i=147, i=146, pos=[1985.63, 2342.12, 48.125], conns=144, type=WaypointType.CROUCH, angle=[8.63518, 67.5891, 0], ?=)
Converted 1 connections for 34156f0ac4d54f8b8d4882f108481e8b
After: Waypoint(uuid=34156f0ac4d54f8b8d4882f108481e8b, _i=147, i=146, pos=[1985.63, 2342.12, 48.125], conns=8d0434d60b115453c792dcd256962ef9, type=WaypointType.CROUCH, angle=[8.63518, 67.5891, 0], ?=)
Before: Waypoint(uuid=5ca55a7554eceae67550c23fc58aef1a, _i=148, i=147, pos=[2042.3, 2624.27, 48.125], conns=143, type=WaypointType.CROUCH, angle=[8.80547, -113.01, 0], ?=)
Converted 1 connections for 5ca55a7554eceae67550c23fc58aef1a
After: Waypoint(uuid=5ca55a7554eceae67550c23fc58aef1a, _i=148, i=147, pos=[2042.3, 2624.27, 48.125], conns=923c4763a75e31dbd874a7c9ab3776d1, type=WaypointType.CROUCH, angle=[8.80547, -113.01, 0], ?=)
Before: Waypoint(uuid=5820418320deac36510ca1c7050457ff, _i=149, i=148, pos=[1930.14, 2262.65, 48.125], conns=13 149, type=WaypointType.STAND, angle=[22.445, -147.369, 0], ?=)
Converted 2 connections for 5820418320deac36510ca1c7050457ff
After: Waypoint(uuid=5820418320deac36510ca1c7050457ff, _i=149, i=148, pos=[1930.14, 2262.65, 48.125], conns=78f3434378dcda3bcc13e30b04b6f24f 5820418320deac36510ca1c7050457ff, type=WaypointType.STAND, angle=[22.445, -147.369, 0], ?=)
Before: Waypoint(uuid=fcd3eae7cf4965b38ea78382c5552cac, _i=150, i=149, pos=[1972.94, 2279.27, 48.125], conns=148, type=WaypointType.CLIMB, angle=[10.36, 17.5244, 0], ?=)
Converted 1 connections for fcd3eae7cf4965b38ea78382c5552cac
After: Waypoint(uuid=fcd3eae7cf4965b38ea78382c5552cac, _i=150, i=149, pos=[1972.94, 2279.27, 48.125], conns=5ca55a7554eceae67550c23fc58aef1a, type=WaypointType.CLIMB, angle=[10.36, 17.5244, 0], ?=)
Before: Waypoint(uuid=0e068caea4ccea74b26c9625be69b261, _i=151, i=150, pos=[2021.86, 2294.01, 66.125], conns=53 145, type=WaypointType.CLIMB, angle=[17.7813, -163.256, 0], ?=)
Converted 2 connections for 0e068caea4ccea74b26c9625be69b261
After: Waypoint(uuid=0e068caea4ccea74b26c9625be69b261, _i=151, i=150, pos=[2021.86, 2294.01, 66.125], conns=d659ece990821cb5fe728b6a4e6269ee 30544b8497d74f6da03ac4a2ea3a531c, type=WaypointType.CLIMB, angle=[17.7813, -163.256, 0], ?=)
Before: Waypoint(uuid=e1af7df4cad10f8e4ae229e6be0363b9, _i=152, i=151, pos=[2366.95, 2415.52, 48.0149], conns=51 53 58, type=WaypointType.STAND, angle=[22.9614, 23.9184, 0], ?=)
Converted 3 connections for e1af7df4cad10f8e4ae229e6be0363b9
After: Waypoint(uuid=e1af7df4cad10f8e4ae229e6be0363b9, _i=152, i=151, pos=[2366.95, 2415.52, 48.0149], conns=4954d3c4739f0aa0594c82447b08bc66 d659ece990821cb5fe728b6a4e6269ee fc343c4b85ce5b06445d03dea137e261, type=WaypointType.STAND, angle=[22.9614, 23.9184, 0], ?=)
Before: Waypoint(uuid=323b8323ca42635bc006a0f047647cb2, _i=153, i=152, pos=[2396.03, 2925.77, 48.125], conns=60 71 153, type=WaypointType.STAND, angle=[66.3025, -155.362, 0], ?=)
Converted 3 connections for 323b8323ca42635bc006a0f047647cb2
After: Waypoint(uuid=323b8323ca42635bc006a0f047647cb2, _i=153, i=152, pos=[2396.03, 2925.77, 48.125], conns=8d8dba7cad0478b56d1b2cd9cded74c1 c8504c4e0db8938cc47a9aefe77fb6e7 323b8323ca42635bc006a0f047647cb2, type=WaypointType.STAND, angle=[66.3025, -155.362, 0], ?=)
Before: Waypoint(uuid=09235f87891dd9a7fc9c5a39fead4ef2, _i=154, i=153, pos=[2289.69, 2842.54, 48.125], conns=50 51 152, type=WaypointType.STAND, angle=[24.516, -138.783, 0], ?=)
Converted 3 connections for 09235f87891dd9a7fc9c5a39fead4ef2
After: Waypoint(uuid=09235f87891dd9a7fc9c5a39fead4ef2, _i=154, i=153, pos=[2289.69, 2842.54, 48.125], conns=7a619857ddcf3745a323e7eb65ade49b 4954d3c4739f0aa0594c82447b08bc66 e1af7df4cad10f8e4ae229e6be0363b9, type=WaypointType.STAND, angle=[24.516, -138.783, 0], ?=)
Before: Waypoint(uuid=59df510404b8f961f05c15c885089723, _i=155, i=154, pos=[2982.53, 3314.45, 44.9166], conns=74, type=WaypointType.CROUCH, angle=[6.90491, -114.597, 0], ?=)
Converted 1 connections for 59df510404b8f961f05c15c885089723
After: Waypoint(uuid=59df510404b8f961f05c15c885089723, _i=155, i=154, pos=[2982.53, 3314.45, 44.9166], conns=5c5fa20498204ddb8dc8018be7f624d7, type=WaypointType.CROUCH, angle=[6.90491, -114.597, 0], ?=)
Before: Waypoint(uuid=ca8c8c385952e8752f847e99f4f50133, _i=156, i=155, pos=[3331.15, 3052.92, 49.8067], conns=75, type=WaypointType.CROUCH, angle=[6.38855, -139.975, 0], ?=)
Converted 1 connections for ca8c8c385952e8752f847e99f4f50133
After: Waypoint(uuid=ca8c8c385952e8752f847e99f4f50133, _i=156, i=155, pos=[3331.15, 3052.92, 49.8067], conns=18f418a6f01e55326ad068bd6b482b7b, type=WaypointType.CROUCH, angle=[6.38855, -139.975, 0], ?=)
Before: Waypoint(uuid=612dad8bf613a34a23d26a229f1654aa, _i=157, i=156, pos=[2950.37, 2725.18, 48.125], conns=73, type=WaypointType.CROUCH, angle=[5.52612, 115.737, 0], ?=)
Converted 1 connections for 612dad8bf613a34a23d26a229f1654aa
After: Waypoint(uuid=612dad8bf613a34a23d26a229f1654aa, _i=157, i=156, pos=[2950.37, 2725.18, 48.125], conns=8b5667ea1f0af6e2d93b33758131c3c4, type=WaypointType.CROUCH, angle=[5.52612, 115.737, 0], ?=)
Before: Waypoint(uuid=c84abf91397d683dbd039a04b66170ce, _i=158, i=157, pos=[2901.37, 2036.54, 48.9315], conns=62, type=WaypointType.CROUCH, angle=[7.08069, 73.0882, 0], ?=)
Converted 1 connections for c84abf91397d683dbd039a04b66170ce
After: Waypoint(uuid=c84abf91397d683dbd039a04b66170ce, _i=158, i=157, pos=[2901.37, 2036.54, 48.9315], conns=adc2f55a769e4259c4d7add2f88013e2, type=WaypointType.CROUCH, angle=[7.08069, 73.0882, 0], ?=)
Before: Waypoint(uuid=6f5bfc0ac35290db72be756c7fa5d133, _i=159, i=158, pos=[3036.15, 2081.71, 55.1824], conns=62, type=WaypointType.CROUCH, angle=[10.014, 127.652, 0], ?=)
Converted 1 connections for 6f5bfc0ac35290db72be756c7fa5d133
After: Waypoint(uuid=6f5bfc0ac35290db72be756c7fa5d133, _i=159, i=158, pos=[3036.15, 2081.71, 55.1824], conns=adc2f55a769e4259c4d7add2f88013e2, type=WaypointType.CROUCH, angle=[10.014, 127.652, 0], ?=)
Before: Waypoint(uuid=c93c7bb98184656ad434a674db166419, _i=160, i=159, pos=[2732.94, 2254.07, 48.0258], conns=58 61 160, type=WaypointType.STAND, angle=[25.3839, -150.16, 0], ?=)
Converted 3 connections for c93c7bb98184656ad434a674db166419
After: Waypoint(uuid=c93c7bb98184656ad434a674db166419, _i=160, i=159, pos=[2732.94, 2254.07, 48.0258], conns=fc343c4b85ce5b06445d03dea137e261 28f1809c2c7a990e9888cc1bb20aeb16 c93c7bb98184656ad434a674db166419, type=WaypointType.STAND, angle=[25.3839, -150.16, 0], ?=)
Before: Waypoint(uuid=6e1f9e084988ad46414f5046a78532b9, _i=161, i=160, pos=[2772.69, 2091.46, 48.125], conns=159 161, type=WaypointType.STAND, angle=[12.9474, -76.2654, 0], ?=)
Converted 2 connections for 6e1f9e084988ad46414f5046a78532b9
After: Waypoint(uuid=6e1f9e084988ad46414f5046a78532b9, _i=161, i=160, pos=[2772.69, 2091.46, 48.125], conns=6f5bfc0ac35290db72be756c7fa5d133 6e1f9e084988ad46414f5046a78532b9, type=WaypointType.STAND, angle=[12.9474, -76.2654, 0], ?=)
Before: Waypoint(uuid=c04263c279021dd923fdcaa7dc183ce1, _i=162, i=161, pos=[2738.01, 2003.28, 48.125], conns=160, type=WaypointType.CROUCH, angle=[6.73462, 89.8368, 0], ?=)
Converted 1 connections for c04263c279021dd923fdcaa7dc183ce1
After: Waypoint(uuid=c04263c279021dd923fdcaa7dc183ce1, _i=162, i=161, pos=[2738.01, 2003.28, 48.125], conns=c93c7bb98184656ad434a674db166419, type=WaypointType.CROUCH, angle=[6.73462, 89.8368, 0], ?=)
Before: Waypoint(uuid=b1648f7190a4b82bf3699315b36c4658, _i=163, i=162, pos=[2848.45, 1677.01, 57.6701], conns=57, type=WaypointType.CROUCH, angle=[8.63525, 151.47, 0], ?=)
Converted 1 connections for b1648f7190a4b82bf3699315b36c4658
After: Waypoint(uuid=b1648f7190a4b82bf3699315b36c4658, _i=163, i=162, pos=[2848.45, 1677.01, 57.6701], conns=2060ac415a3f05c213f0e7ba5c574b70, type=WaypointType.CROUCH, angle=[8.63525, 151.47, 0], ?=)
Before: Waypoint(uuid=f39c227056163cd6c44ea8258744dbea, _i=164, i=163, pos=[2404.81, 1525.48, 54.3341], conns=56, type=WaypointType.CROUCH, angle=[8.28918, 79.8118, 0], ?=)
Converted 1 connections for f39c227056163cd6c44ea8258744dbea
After: Waypoint(uuid=f39c227056163cd6c44ea8258744dbea, _i=164, i=163, pos=[2404.81, 1525.48, 54.3341], conns=70ff7c703fabeabcff97509a9deef250, type=WaypointType.CROUCH, angle=[8.28918, 79.8118, 0], ?=)
Before: Waypoint(uuid=8f2f20c13284353c1860cb45e9f589ba, _i=165, i=164, pos=[1301.11, 1044.74, 48.125], conns=21 81 165, type=WaypointType.STAND, angle=[35.5682, 99.318, 0], ?=)
Converted 3 connections for 8f2f20c13284353c1860cb45e9f589ba
After: Waypoint(uuid=8f2f20c13284353c1860cb45e9f589ba, _i=165, i=164, pos=[1301.11, 1044.74, 48.125], conns=1e32bdf1ec04ec41bdb0d7711e8bf051 d9e6db2eb138d5697c4449307bc666fe 8f2f20c13284353c1860cb45e9f589ba, type=WaypointType.STAND, angle=[35.5682, 99.318, 0], ?=)
Before: Waypoint(uuid=66cd9faf978e6875c77533b204efe415, _i=166, i=165, pos=[1299.36, 1104.24, 56.125], conns=164 167, type=WaypointType.CLIMB, angle=[11.9147, 83.6076, 0], ?=)
Converted 2 connections for 66cd9faf978e6875c77533b204efe415
After: Waypoint(uuid=66cd9faf978e6875c77533b204efe415, _i=166, i=165, pos=[1299.36, 1104.24, 56.125], conns=f39c227056163cd6c44ea8258744dbea 2e318438faa98aedebc0b05b071c56dd, type=WaypointType.CLIMB, angle=[11.9147, 83.6076, 0], ?=)
Before: Waypoint(uuid=2e318438faa98aedebc0b05b071c56dd, _i=167, i=166, pos=[1328.04, 1268.42, 56.125], conns=85 86 167, type=WaypointType.STAND, angle=[21.7584, -91.1299, 0], ?=)
Converted 3 connections for 2e318438faa98aedebc0b05b071c56dd
After: Waypoint(uuid=2e318438faa98aedebc0b05b071c56dd, _i=167, i=166, pos=[1328.04, 1268.42, 56.125], conns=bba21dfb4472b83c5973e596c62a6e0f 4ee587e7064870fbb5a6af29b67074dc 2e318438faa98aedebc0b05b071c56dd, type=WaypointType.STAND, angle=[21.7584, -91.1299, 0], ?=)
Before: Waypoint(uuid=a5d6f8499b235127b20d5ea98b838f23, _i=168, i=167, pos=[1305.25, 1146.11, 56.125], conns=165 166, type=WaypointType.CLIMB, angle=[10.8765, -94.5851, 0], ?=)
Converted 2 connections for a5d6f8499b235127b20d5ea98b838f23
After: Waypoint(uuid=a5d6f8499b235127b20d5ea98b838f23, _i=168, i=167, pos=[1305.25, 1146.11, 56.125], conns=8f2f20c13284353c1860cb45e9f589ba 66cd9faf978e6875c77533b204efe415, type=WaypointType.CLIMB, angle=[10.8765, -94.5851, 0], ?=)
Before: Waypoint(uuid=6aa6c5248c462295a8e9e877c742fdae, _i=169, i=168, pos=[1249.85, 1557.53, 58.3684], conns=16 169 171 173, type=WaypointType.STAND, angle=[18.1274, 151.431, 0], ?=)
Converted 4 connections for 6aa6c5248c462295a8e9e877c742fdae
After: Waypoint(uuid=6aa6c5248c462295a8e9e877c742fdae, _i=169, i=168, pos=[1249.85, 1557.53, 58.3684], conns=a04fb06717e86ae6b9f02c184c8f6a12 6aa6c5248c462295a8e9e877c742fdae 3ff35c4a48a0800df5a8c2c0f15efe7f bd27548b19d32c084255daa7f7539652, type=WaypointType.STAND, angle=[18.1274, 151.431, 0], ?=)
Before: Waypoint(uuid=2be723d3cc5ab13cdc1df3197f03b824, _i=170, i=169, pos=[1323.65, 1721.47, 52.1055], conns=168 170, type=WaypointType.STAND, angle=[43.5114, 115.863, 0], ?=)
Converted 2 connections for 2be723d3cc5ab13cdc1df3197f03b824
After: Waypoint(uuid=2be723d3cc5ab13cdc1df3197f03b824, _i=170, i=169, pos=[1323.65, 1721.47, 52.1055], conns=a5d6f8499b235127b20d5ea98b838f23 2be723d3cc5ab13cdc1df3197f03b824, type=WaypointType.STAND, angle=[43.5114, 115.863, 0], ?=)
Before: Waypoint(uuid=3ff35c4a48a0800df5a8c2c0f15efe7f, _i=171, i=170, pos=[1273.5, 1849.7, 52.3302], conns=10 169, type=WaypointType.STAND, angle=[33.1512, 125.185, 0], ?=)
Converted 2 connections for 3ff35c4a48a0800df5a8c2c0f15efe7f
After: Waypoint(uuid=3ff35c4a48a0800df5a8c2c0f15efe7f, _i=171, i=170, pos=[1273.5, 1849.7, 52.3302], conns=e1e22aa2d7df92e0158047f9d0d87074 6aa6c5248c462295a8e9e877c742fdae, type=WaypointType.STAND, angle=[33.1512, 125.185, 0], ?=)
Before: Waypoint(uuid=1dd1be046f6a82664adfb1f58e03b7c6, _i=172, i=171, pos=[1243.54, 1506.63, 56.125], conns=168 172, type=WaypointType.CLIMB, angle=[11.7389, -95.9973, 0], ?=)
Converted 2 connections for 1dd1be046f6a82664adfb1f58e03b7c6
After: Waypoint(uuid=1dd1be046f6a82664adfb1f58e03b7c6, _i=172, i=171, pos=[1243.54, 1506.63, 56.125], conns=a5d6f8499b235127b20d5ea98b838f23 1dd1be046f6a82664adfb1f58e03b7c6, type=WaypointType.CLIMB, angle=[11.7389, -95.9973, 0], ?=)
Before: Waypoint(uuid=bd27548b19d32c084255daa7f7539652, _i=173, i=172, pos=[1240.92, 1464.17, 56.125], conns=85 171, type=WaypointType.CLIMB, angle=[9.15161, 84.9475, 0], ?=)
Converted 2 connections for bd27548b19d32c084255daa7f7539652
After: Waypoint(uuid=bd27548b19d32c084255daa7f7539652, _i=173, i=172, pos=[1240.92, 1464.17, 56.125], conns=bba21dfb4472b83c5973e596c62a6e0f 3ff35c4a48a0800df5a8c2c0f15efe7f, type=WaypointType.CLIMB, angle=[9.15161, 84.9475, 0], ?=)
Before: Waypoint(uuid=d1b0cd8b2bc0f72b833af7e56b9f746e, _i=174, i=173, pos=[1418.15, 1545.38, 60.1048], conns=168 174, type=WaypointType.STAND, angle=[24.516, -1.5652, 0], ?=)
Converted 2 connections for d1b0cd8b2bc0f72b833af7e56b9f746e
After: Waypoint(uuid=d1b0cd8b2bc0f72b833af7e56b9f746e, _i=174, i=173, pos=[1418.15, 1545.38, 60.1048], conns=a5d6f8499b235127b20d5ea98b838f23 d1b0cd8b2bc0f72b833af7e56b9f746e, type=WaypointType.STAND, angle=[24.516, -1.5652, 0], ?=)
Before: Waypoint(uuid=6c70a6e7e468a4b145fd1e49feadc602, _i=175, i=174, pos=[1540.88, 1558.42, 62.043], conns=173 175 176, type=WaypointType.STAND, angle=[25.0378, 13.4586, 0], ?=)
Converted 3 connections for 6c70a6e7e468a4b145fd1e49feadc602
After: Waypoint(uuid=6c70a6e7e468a4b145fd1e49feadc602, _i=175, i=174, pos=[1540.88, 1558.42, 62.043], conns=bd27548b19d32c084255daa7f7539652 6c70a6e7e468a4b145fd1e49feadc602 008865aa888a62039a7ae91fc2df203f, type=WaypointType.STAND, angle=[25.0378, 13.4586, 0], ?=)
Before: Waypoint(uuid=008865aa888a62039a7ae91fc2df203f, _i=176, i=175, pos=[1630.62, 1467.86, 53.1559], conns=174, type=WaypointType.CROUCH, angle=[7.08069, 146.064, 0], ?=)
Converted 1 connections for 008865aa888a62039a7ae91fc2df203f
After: Waypoint(uuid=008865aa888a62039a7ae91fc2df203f, _i=176, i=175, pos=[1630.62, 1467.86, 53.1559], conns=d1b0cd8b2bc0f72b833af7e56b9f746e, type=WaypointType.CROUCH, angle=[7.08069, 146.064, 0], ?=)
Before: Waypoint(uuid=86e06b63183acae3ec82b7d71cef21b3, _i=177, i=176, pos=[1591.16, 1683.22, 50.0567], conns=174, type=WaypointType.CROUCH, angle=[4.14185, -135.203, 0], ?=)
Converted 1 connections for 86e06b63183acae3ec82b7d71cef21b3
After: Waypoint(uuid=86e06b63183acae3ec82b7d71cef21b3, _i=177, i=176, pos=[1591.16, 1683.22, 50.0567], conns=d1b0cd8b2bc0f72b833af7e56b9f746e, type=WaypointType.CROUCH, angle=[4.14185, -135.203, 0], ?=)
Before: Waypoint(uuid=5362178fc58981a656982ac648a445ab, _i=178, i=177, pos=[977.234, -1573.98, 146.956], conns=178 182 186, type=WaypointType.STAND, angle=[12.5452, -95.0873, 0], ?=)
Converted 3 connections for 5362178fc58981a656982ac648a445ab
After: Waypoint(uuid=5362178fc58981a656982ac648a445ab, _i=178, i=177, pos=[977.234, -1573.98, 146.956], conns=5362178fc58981a656982ac648a445ab 773dabc46d44493c30a3080e25eecd02 67f3396a041148428f6d33f629e98927, type=WaypointType.STAND, angle=[12.5452, -95.0873, 0], ?=)
Before: Waypoint(uuid=bb7394f6267b72b74e1db3795fa3a238, _i=179, i=178, pos=[1038.34, -2610.37, 145.855], conns=177 179, type=WaypointType.STAND, angle=[26.9922, -89.4897, 0], ?=)
Converted 2 connections for bb7394f6267b72b74e1db3795fa3a238
After: Waypoint(uuid=bb7394f6267b72b74e1db3795fa3a238, _i=179, i=178, pos=[1038.34, -2610.37, 145.855], conns=86e06b63183acae3ec82b7d71cef21b3 bb7394f6267b72b74e1db3795fa3a238, type=WaypointType.STAND, angle=[26.9922, -89.4897, 0], ?=)
Before: Waypoint(uuid=ac21f46d22efea3a68f35142da6ef5c6, _i=180, i=179, pos=[888.95, -3281.18, 114.317], conns=178 180, type=WaypointType.STAND, angle=[19.9335, -108.639, 0], ?=)
Converted 2 connections for ac21f46d22efea3a68f35142da6ef5c6
After: Waypoint(uuid=ac21f46d22efea3a68f35142da6ef5c6, _i=180, i=179, pos=[888.95, -3281.18, 114.317], conns=5362178fc58981a656982ac648a445ab ac21f46d22efea3a68f35142da6ef5c6, type=WaypointType.STAND, angle=[19.9335, -108.639, 0], ?=)
Before: Waypoint(uuid=0ae1b1d42e95d19a68259cb9ddd348a6, _i=181, i=180, pos=[176.717, -2665.07, 119.509], conns=179 181, type=WaypointType.STAND, angle=[15.0061, 136.576, 0], ?=)
Converted 2 connections for 0ae1b1d42e95d19a68259cb9ddd348a6
After: Waypoint(uuid=0ae1b1d42e95d19a68259cb9ddd348a6, _i=181, i=180, pos=[176.717, -2665.07, 119.509], conns=bb7394f6267b72b74e1db3795fa3a238 0ae1b1d42e95d19a68259cb9ddd348a6, type=WaypointType.STAND, angle=[15.0061, 136.576, 0], ?=)
Before: Waypoint(uuid=773dabc46d44493c30a3080e25eecd02, _i=182, i=181, pos=[289.269, -1902.36, 227.923], conns=180 182, type=WaypointType.STAND, angle=[26.0968, 75.2118, 0], ?=)
Converted 2 connections for 773dabc46d44493c30a3080e25eecd02
After: Waypoint(uuid=773dabc46d44493c30a3080e25eecd02, _i=182, i=181, pos=[289.269, -1902.36, 227.923], conns=ac21f46d22efea3a68f35142da6ef5c6 773dabc46d44493c30a3080e25eecd02, type=WaypointType.STAND, angle=[26.0968, 75.2118, 0], ?=)
Before: Waypoint(uuid=3e3d25f8a0b32abdbbe5e1703bb4e8ad, _i=183, i=182, pos=[624.298, -1773.02, 162.205], conns=177 181 183, type=WaypointType.STAND, angle=[19.4885, 85.061, 0], ?=)
Converted 3 connections for 3e3d25f8a0b32abdbbe5e1703bb4e8ad
After: Waypoint(uuid=3e3d25f8a0b32abdbbe5e1703bb4e8ad, _i=183, i=182, pos=[624.298, -1773.02, 162.205], conns=86e06b63183acae3ec82b7d71cef21b3 0ae1b1d42e95d19a68259cb9ddd348a6 3e3d25f8a0b32abdbbe5e1703bb4e8ad, type=WaypointType.STAND, angle=[19.4885, 85.061, 0], ?=)
Before: Waypoint(uuid=9499fe726ee52947a6915e5b951207c2, _i=184, i=183, pos=[-61.2289, -687.117, 111.903], conns=182 184, type=WaypointType.STAND, angle=[19.2633, 122.689, 0], ?=)
Converted 2 connections for 9499fe726ee52947a6915e5b951207c2
After: Waypoint(uuid=9499fe726ee52947a6915e5b951207c2, _i=184, i=183, pos=[-61.2289, -687.117, 111.903], conns=773dabc46d44493c30a3080e25eecd02 9499fe726ee52947a6915e5b951207c2, type=WaypointType.STAND, angle=[19.2633, 122.689, 0], ?=)
Before: Waypoint(uuid=0484db3e34958551fc0e65e310c20983, _i=185, i=184, pos=[833.707, -301.68, 63.7866], conns=183 185 186, type=WaypointType.STAND, angle=[32.8149, 56.9196, 0], ?=)
Converted 3 connections for 0484db3e34958551fc0e65e310c20983
After: Waypoint(uuid=0484db3e34958551fc0e65e310c20983, _i=185, i=184, pos=[833.707, -301.68, 63.7866], conns=3e3d25f8a0b32abdbbe5e1703bb4e8ad 0484db3e34958551fc0e65e310c20983 67f3396a041148428f6d33f629e98927, type=WaypointType.STAND, angle=[32.8149, 56.9196, 0], ?=)
Before: Waypoint(uuid=67f3396a041148428f6d33f629e98927, _i=186, i=185, pos=[851.62, -71.1252, 74.4891], conns=184 187, type=WaypointType.STAND, angle=[30.3485, 67.3346, 0], ?=)
Converted 2 connections for 67f3396a041148428f6d33f629e98927
After: Waypoint(uuid=67f3396a041148428f6d33f629e98927, _i=186, i=185, pos=[851.62, -71.1252, 74.4891], conns=9499fe726ee52947a6915e5b951207c2 35e457cc040ed5b927f0f57c7335dec7, type=WaypointType.STAND, angle=[30.3485, 67.3346, 0], ?=)
Before: Waypoint(uuid=35e457cc040ed5b927f0f57c7335dec7, _i=187, i=186, pos=[1068.79, -725.434, 107.233], conns=177 184 187, type=WaypointType.STAND, angle=[17.9175, 82.5671, 0], ?=)
Converted 3 connections for 35e457cc040ed5b927f0f57c7335dec7
After: Waypoint(uuid=35e457cc040ed5b927f0f57c7335dec7, _i=187, i=186, pos=[1068.79, -725.434, 107.233], conns=86e06b63183acae3ec82b7d71cef21b3 9499fe726ee52947a6915e5b951207c2 35e457cc040ed5b927f0f57c7335dec7, type=WaypointType.STAND, angle=[17.9175, 82.5671, 0], ?=)
Before: Waypoint(uuid=41caae4d6021b33efedb992884e4970b, _i=188, i=187, pos=[1145.89, -132.767, 51.9655], conns=185 186, type=WaypointType.STAND, angle=[13.2153, -129.535, 0], ?=)
Converted 2 connections for 41caae4d6021b33efedb992884e4970b
After: Waypoint(uuid=41caae4d6021b33efedb992884e4970b, _i=188, i=187, pos=[1145.89, -132.767, 51.9655], conns=0484db3e34958551fc0e65e310c20983 67f3396a041148428f6d33f629e98927, type=WaypointType.STAND, angle=[13.2153, -129.535, 0], ?=)
Loaded 188 (263) waypoints from S:\Call of Duty\CoD 6 (MW2)\userraw\scriptdata\waypoints\co_hunted_wp.csv
Waypoint(uuid=13452ee45af302b24200719062cb7de0, _i=1, i=0, pos=[2043, 3223, 48.125], conns=0, type=WaypointType.STAND, angle=None, ?=) has no connections
Wrote 188 waypoints to S:\Call of Duty\CoD 6 (MW2)\userraw\scriptdata\waypoints\co_hunted_wp_merged.csv
